INFO:     Will watch for changes in these directories: ['C:\\Users\\karakurom traders\\Desktop\\Phase-II\\backend']
INFO:     Uvicorn running on http://0.0.0.0:8000 (Press CTRL+C to quit)
INFO:     Started reloader process [14856] using WatchFiles
C:\Users\karakurom traders\Desktop\Phase-II\backend\venv312\Lib\site-packages\pydantic\_internal\_config.py:345: UserWarning: Valid config keys have changed in V2:
* 'schema_extra' has been renamed to 'json_schema_extra'
  warnings.warn(message, UserWarning)
Process SpawnProcess-1:
Traceback (most recent call last):
  File "C:\Users\karakurom traders\AppData\Local\Programs\Python\Python312\Lib\multiprocessing\process.py", line 314, in _bootstrap
    self.run()
  File "C:\Users\karakurom traders\AppData\Local\Programs\Python\Python312\Lib\multiprocessing\process.py", line 108, in run
    self._target(*self._args, **self._kwargs)
  File "C:\Users\karakurom traders\Desktop\Phase-II\backend\venv312\Lib\site-packages\uvicorn\_subprocess.py", line 80, in subprocess_started
    target(sockets=sockets)
  File "C:\Users\karakurom traders\Desktop\Phase-II\backend\venv312\Lib\site-packages\uvicorn\server.py", line 65, in run
    return asyncio.run(self.serve(sockets=sockets))
           ^^^^^^^^^^^^^^^^^^^^^^^^^^^^^^^^^^^^^^^^
  File "C:\Users\karakurom traders\AppData\Local\Programs\Python\Python312\Lib\asyncio\runners.py", line 194, in run
    return runner.run(main)
           ^^^^^^^^^^^^^^^^
  File "C:\Users\karakurom traders\AppData\Local\Programs\Python\Python312\Lib\asyncio\runners.py", line 118, in run
    return self._loop.run_until_complete(task)
           ^^^^^^^^^^^^^^^^^^^^^^^^^^^^^^^^^^^
  File "C:\Users\karakurom traders\AppData\Local\Programs\Python\Python312\Lib\asyncio\base_events.py", line 687, in run_until_complete
    return future.result()
           ^^^^^^^^^^^^^^^
  File "C:\Users\karakurom traders\Desktop\Phase-II\backend\venv312\Lib\site-packages\uvicorn\server.py", line 69, in serve
    await self._serve(sockets)
  File "C:\Users\karakurom traders\Desktop\Phase-II\backend\venv312\Lib\site-packages\uvicorn\server.py", line 76, in _serve
    config.load()
  File "C:\Users\karakurom traders\Desktop\Phase-II\backend\venv312\Lib\site-packages\uvicorn\config.py", line 434, in load
    self.loaded_app = import_from_string(self.app)
                      ^^^^^^^^^^^^^^^^^^^^^^^^^^^^
  File "C:\Users\karakurom traders\Desktop\Phase-II\backend\venv312\Lib\site-packages\uvicorn\importer.py", line 19, in import_from_string
    module = importlib.import_module(module_str)
             ^^^^^^^^^^^^^^^^^^^^^^^^^^^^^^^^^^^
  File "C:\Users\karakurom traders\AppData\Local\Programs\Python\Python312\Lib\importlib\__init__.py", line 90, in import_module
    return _bootstrap._gcd_import(name[level:], package, level)
           ^^^^^^^^^^^^^^^^^^^^^^^^^^^^^^^^^^^^^^^^^^^^^^^^^^^^
  File "<frozen importlib._bootstrap>", line 1387, in _gcd_import
  File "<frozen importlib._bootstrap>", line 1360, in _find_and_load
  File "<frozen importlib._bootstrap>", line 1331, in _find_and_load_unlocked
  File "<frozen importlib._bootstrap>", line 935, in _load_unlocked
  File "<frozen importlib._bootstrap_external>", line 995, in exec_module
  File "<frozen importlib._bootstrap>", line 488, in _call_with_frames_removed
  File "C:\Users\karakurom traders\Desktop\Phase-II\backend\src\main.py", line 85, in <module>
    app.include_router(tasks_router, prefix="/api/{user_id}") # Include tasks router with prefix
    ^^^^^^^^^^^^^^^^^^^^^^^^^^^^^^^^^^^^^^^^^^^^^^^^^^^^^^^^^
  File "C:\Users\karakurom traders\Desktop\Phase-II\backend\venv312\Lib\site-packages\fastapi\applications.py", line 1447, in include_router
    self.router.include_router(
  File "C:\Users\karakurom traders\Desktop\Phase-II\backend\venv312\Lib\site-packages\fastapi\routing.py", line 1302, in include_router
    self.add_api_route(
  File "C:\Users\karakurom traders\Desktop\Phase-II\backend\venv312\Lib\site-packages\fastapi\routing.py", line 933, in add_api_route
    route = route_class(
            ^^^^^^^^^^^^
  File "C:\Users\karakurom traders\Desktop\Phase-II\backend\venv312\Lib\site-packages\fastapi\routing.py", line 491, in __init__
    self.path_regex, self.path_format, self.param_convertors = compile_path(path)
                                                               ^^^^^^^^^^^^^^^^^^
  File "C:\Users\karakurom traders\Desktop\Phase-II\backend\venv312\Lib\site-packages\starlette\routing.py", line 164, in compile_path
    raise ValueError(f"Duplicated param name{ending} {names} at path {path}")
ValueError: Duplicated param name user_id at path /api/{user_id}/api/{user_id}/tasks
WARNING:  WatchFiles detected changes in 'src\api\tasks.py'. Reloading...
C:\Users\karakurom traders\Desktop\Phase-II\backend\venv312\Lib\site-packages\pydantic\_internal\_config.py:345: UserWarning: Valid config keys have changed in V2:
* 'schema_extra' has been renamed to 'json_schema_extra'
  warnings.warn(message, UserWarning)
Process SpawnProcess-2:
Traceback (most recent call last):
  File "C:\Users\karakurom traders\AppData\Local\Programs\Python\Python312\Lib\multiprocessing\process.py", line 314, in _bootstrap
    self.run()
  File "C:\Users\karakurom traders\AppData\Local\Programs\Python\Python312\Lib\multiprocessing\process.py", line 108, in run
    self._target(*self._args, **self._kwargs)
  File "C:\Users\karakurom traders\Desktop\Phase-II\backend\venv312\Lib\site-packages\uvicorn\_subprocess.py", line 80, in subprocess_started
    target(sockets=sockets)
  File "C:\Users\karakurom traders\Desktop\Phase-II\backend\venv312\Lib\site-packages\uvicorn\server.py", line 65, in run
    return asyncio.run(self.serve(sockets=sockets))
           ^^^^^^^^^^^^^^^^^^^^^^^^^^^^^^^^^^^^^^^^
  File "C:\Users\karakurom traders\AppData\Local\Programs\Python\Python312\Lib\asyncio\runners.py", line 194, in run
    return runner.run(main)
           ^^^^^^^^^^^^^^^^
  File "C:\Users\karakurom traders\AppData\Local\Programs\Python\Python312\Lib\asyncio\runners.py", line 118, in run
    return self._loop.run_until_complete(task)
           ^^^^^^^^^^^^^^^^^^^^^^^^^^^^^^^^^^^
  File "C:\Users\karakurom traders\AppData\Local\Programs\Python\Python312\Lib\asyncio\base_events.py", line 687, in run_until_complete
    return future.result()
           ^^^^^^^^^^^^^^^
  File "C:\Users\karakurom traders\Desktop\Phase-II\backend\venv312\Lib\site-packages\uvicorn\server.py", line 69, in serve
    await self._serve(sockets)
  File "C:\Users\karakurom traders\Desktop\Phase-II\backend\venv312\Lib\site-packages\uvicorn\server.py", line 76, in _serve
    config.load()
  File "C:\Users\karakurom traders\Desktop\Phase-II\backend\venv312\Lib\site-packages\uvicorn\config.py", line 434, in load
    self.loaded_app = import_from_string(self.app)
                      ^^^^^^^^^^^^^^^^^^^^^^^^^^^^
  File "C:\Users\karakurom traders\Desktop\Phase-II\backend\venv312\Lib\site-packages\uvicorn\importer.py", line 19, in import_from_string
    module = importlib.import_module(module_str)
             ^^^^^^^^^^^^^^^^^^^^^^^^^^^^^^^^^^^
  File "C:\Users\karakurom traders\AppData\Local\Programs\Python\Python312\Lib\importlib\__init__.py", line 90, in import_module
    return _bootstrap._gcd_import(name[level:], package, level)
           ^^^^^^^^^^^^^^^^^^^^^^^^^^^^^^^^^^^^^^^^^^^^^^^^^^^^
  File "<frozen importlib._bootstrap>", line 1387, in _gcd_import
  File "<frozen importlib._bootstrap>", line 1360, in _find_and_load
  File "<frozen importlib._bootstrap>", line 1331, in _find_and_load_unlocked
  File "<frozen importlib._bootstrap>", line 935, in _load_unlocked
  File "<frozen importlib._bootstrap_external>", line 995, in exec_module
  File "<frozen importlib._bootstrap>", line 488, in _call_with_frames_removed
  File "C:\Users\karakurom traders\Desktop\Phase-II\backend\src\main.py", line 85, in <module>
    app.include_router(tasks_router, prefix="/api/{user_id}") # Include tasks router with prefix
    ^^^^^^^^^^^^^^^^^^^^^^^^^^^^^^^^^^^^^^^^^^^^^^^^^^^^^^^^^
  File "C:\Users\karakurom traders\Desktop\Phase-II\backend\venv312\Lib\site-packages\fastapi\applications.py", line 1447, in include_router
    self.router.include_router(
  File "C:\Users\karakurom traders\Desktop\Phase-II\backend\venv312\Lib\site-packages\fastapi\routing.py", line 1302, in include_router
    self.add_api_route(
  File "C:\Users\karakurom traders\Desktop\Phase-II\backend\venv312\Lib\site-packages\fastapi\routing.py", line 933, in add_api_route
    route = route_class(
            ^^^^^^^^^^^^
  File "C:\Users\karakurom traders\Desktop\Phase-II\backend\venv312\Lib\site-packages\fastapi\routing.py", line 491, in __init__
    self.path_regex, self.path_format, self.param_convertors = compile_path(path)
                                                               ^^^^^^^^^^^^^^^^^^
  File "C:\Users\karakurom traders\Desktop\Phase-II\backend\venv312\Lib\site-packages\starlette\routing.py", line 164, in compile_path
    raise ValueError(f"Duplicated param name{ending} {names} at path {path}")
ValueError: Duplicated param name user_id at path /api/{user_id}/{user_id}/tasks
WARNING:  WatchFiles detected changes in 'src\main.py'. Reloading...
C:\Users\karakurom traders\Desktop\Phase-II\backend\venv312\Lib\site-packages\pydantic\_internal\_config.py:345: UserWarning: Valid config keys have changed in V2:
* 'schema_extra' has been renamed to 'json_schema_extra'
  warnings.warn(message, UserWarning)
INFO:     Started server process [18204]
INFO:     Waiting for application startup.
2025-12-13 21:40:26,203 - INFO - Application starting up...
2025-12-13 21:40:26,203 - ERROR - Error during database initialization: No module named 'src.user'
INFO:     Application startup complete.
2025-12-13 21:42:46,152 - INFO - Attempting signup for email: ramisafatima67@gmail.com
2025-12-13 21:42:52,656 - INFO - select pg_catalog.version()
2025-12-13 21:42:52,656 - INFO - [raw sql] {}
2025-12-13 21:42:53,686 - INFO - select current_schema()
2025-12-13 21:42:53,686 - INFO - [raw sql] {}
2025-12-13 21:42:54,664 - INFO - show standard_conforming_strings
2025-12-13 21:42:54,665 - INFO - [raw sql] {}
2025-12-13 21:42:55,682 - INFO - BEGIN (implicit)
2025-12-13 21:42:55,701 - INFO - SELECT "user".id, "user".email, "user".password_hash, "user".created_at 
FROM "user" 
WHERE "user".email = %(email_1)s
2025-12-13 21:42:55,701 - INFO - [generated in 0.00028s] {'email_1': 'ramisafatima67@gmail.com'}
2025-12-13 21:42:56,655 - INFO - ROLLBACK
ERROR:    Exception in ASGI application
Traceback (most recent call last):
  File "C:\Users\karakurom traders\Desktop\Phase-II\backend\venv312\Lib\site-packages\sqlalchemy\engine\base.py", line 1967, in _exec_single_context
    self.dialect.do_execute(
  File "C:\Users\karakurom traders\Desktop\Phase-II\backend\venv312\Lib\site-packages\sqlalchemy\engine\default.py", line 952, in do_execute
    cursor.execute(statement, parameters)
psycopg2.errors.UndefinedTable: relation "user" does not exist
LINE 2: FROM "user" 
             ^


The above exception was the direct cause of the following exception:

Traceback (most recent call last):
  File "C:\Users\karakurom traders\Desktop\Phase-II\backend\venv312\Lib\site-packages\uvicorn\protocols\http\httptools_impl.py", line 409, in run_asgi
    result = await app(  # type: ignore[func-returns-value]
             ^^^^^^^^^^^^^^^^^^^^^^^^^^^^^^^^^^^^^^^^^^^^^^
  File "C:\Users\karakurom traders\Desktop\Phase-II\backend\venv312\Lib\site-packages\uvicorn\middleware\proxy_headers.py", line 60, in __call__
    return await self.app(scope, receive, send)
           ^^^^^^^^^^^^^^^^^^^^^^^^^^^^^^^^^^^^
  File "C:\Users\karakurom traders\Desktop\Phase-II\backend\venv312\Lib\site-packages\fastapi\applications.py", line 1054, in __call__
    await super().__call__(scope, receive, send)
  File "C:\Users\karakurom traders\Desktop\Phase-II\backend\venv312\Lib\site-packages\starlette\applications.py", line 113, in __call__
    await self.middleware_stack(scope, receive, send)
  File "C:\Users\karakurom traders\Desktop\Phase-II\backend\venv312\Lib\site-packages\starlette\middleware\errors.py", line 187, in __call__
    raise exc
  File "C:\Users\karakurom traders\Desktop\Phase-II\backend\venv312\Lib\site-packages\starlette\middleware\errors.py", line 165, in __call__
    await self.app(scope, receive, _send)
  File "C:\Users\karakurom traders\Desktop\Phase-II\backend\venv312\Lib\site-packages\starlette\middleware\cors.py", line 93, in __call__
    await self.simple_response(scope, receive, send, request_headers=headers)
  File "C:\Users\karakurom traders\Desktop\Phase-II\backend\venv312\Lib\site-packages\starlette\middleware\cors.py", line 144, in simple_response
    await self.app(scope, receive, send)
  File "C:\Users\karakurom traders\Desktop\Phase-II\backend\venv312\Lib\site-packages\starlette\middleware\exceptions.py", line 62, in __call__
    await wrap_app_handling_exceptions(self.app, conn)(scope, receive, send)
  File "C:\Users\karakurom traders\Desktop\Phase-II\backend\venv312\Lib\site-packages\starlette\_exception_handler.py", line 53, in wrapped_app
    raise exc
  File "C:\Users\karakurom traders\Desktop\Phase-II\backend\venv312\Lib\site-packages\starlette\_exception_handler.py", line 42, in wrapped_app
    await app(scope, receive, sender)
  File "C:\Users\karakurom traders\Desktop\Phase-II\backend\venv312\Lib\site-packages\starlette\routing.py", line 715, in __call__
    await self.middleware_stack(scope, receive, send)
  File "C:\Users\karakurom traders\Desktop\Phase-II\backend\venv312\Lib\site-packages\starlette\routing.py", line 735, in app
    await route.handle(scope, receive, send)
  File "C:\Users\karakurom traders\Desktop\Phase-II\backend\venv312\Lib\site-packages\starlette\routing.py", line 288, in handle
    await self.app(scope, receive, send)
  File "C:\Users\karakurom traders\Desktop\Phase-II\backend\venv312\Lib\site-packages\starlette\routing.py", line 76, in app
    await wrap_app_handling_exceptions(app, request)(scope, receive, send)
  File "C:\Users\karakurom traders\Desktop\Phase-II\backend\venv312\Lib\site-packages\starlette\_exception_handler.py", line 53, in wrapped_app
    raise exc
  File "C:\Users\karakurom traders\Desktop\Phase-II\backend\venv312\Lib\site-packages\starlette\_exception_handler.py", line 42, in wrapped_app
    await app(scope, receive, sender)
  File "C:\Users\karakurom traders\Desktop\Phase-II\backend\venv312\Lib\site-packages\starlette\routing.py", line 73, in app
    response = await f(request)
               ^^^^^^^^^^^^^^^^
  File "C:\Users\karakurom traders\Desktop\Phase-II\backend\venv312\Lib\site-packages\fastapi\routing.py", line 301, in app
    raw_response = await run_endpoint_function(
                   ^^^^^^^^^^^^^^^^^^^^^^^^^^^^
  File "C:\Users\karakurom traders\Desktop\Phase-II\backend\venv312\Lib\site-packages\fastapi\routing.py", line 212, in run_endpoint_function
    return await dependant.call(**values)
           ^^^^^^^^^^^^^^^^^^^^^^^^^^^^^^
  File "C:\Users\karakurom traders\Desktop\Phase-II\backend\src\api\auth.py", line 47, in signup
    existing_user = session.exec(select(User).where(User.email == user_data.email)).first()
                    ^^^^^^^^^^^^^^^^^^^^^^^^^^^^^^^^^^^^^^^^^^^^^^^^^^^^^^^^^^^^^^^
  File "C:\Users\karakurom traders\Desktop\Phase-II\backend\venv312\Lib\site-packages\sqlmodel\orm\session.py", line 66, in exec
    results = super().execute(
              ^^^^^^^^^^^^^^^^
  File "C:\Users\karakurom traders\Desktop\Phase-II\backend\venv312\Lib\site-packages\sqlalchemy\orm\session.py", line 2351, in execute
    return self._execute_internal(
           ^^^^^^^^^^^^^^^^^^^^^^^
  File "C:\Users\karakurom traders\Desktop\Phase-II\backend\venv312\Lib\site-packages\sqlalchemy\orm\session.py", line 2249, in _execute_internal
    result: Result[Any] = compile_state_cls.orm_execute_statement(
                          ^^^^^^^^^^^^^^^^^^^^^^^^^^^^^^^^^^^^^^^^
  File "C:\Users\karakurom traders\Desktop\Phase-II\backend\venv312\Lib\site-packages\sqlalchemy\orm\context.py", line 306, in orm_execute_statement
    result = conn.execute(
             ^^^^^^^^^^^^^
  File "C:\Users\karakurom traders\Desktop\Phase-II\backend\venv312\Lib\site-packages\sqlalchemy\engine\base.py", line 1419, in execute
    return meth(
           ^^^^^
  File "C:\Users\karakurom traders\Desktop\Phase-II\backend\venv312\Lib\site-packages\sqlalchemy\sql\elements.py", line 527, in _execute_on_connection
    return connection._execute_clauseelement(
           ^^^^^^^^^^^^^^^^^^^^^^^^^^^^^^^^^^
  File "C:\Users\karakurom traders\Desktop\Phase-II\backend\venv312\Lib\site-packages\sqlalchemy\engine\base.py", line 1641, in _execute_clauseelement
    ret = self._execute_context(
          ^^^^^^^^^^^^^^^^^^^^^^
  File "C:\Users\karakurom traders\Desktop\Phase-II\backend\venv312\Lib\site-packages\sqlalchemy\engine\base.py", line 1846, in _execute_context
    return self._exec_single_context(
           ^^^^^^^^^^^^^^^^^^^^^^^^^^
  File "C:\Users\karakurom traders\Desktop\Phase-II\backend\venv312\Lib\site-packages\sqlalchemy\engine\base.py", line 1986, in _exec_single_context
    self._handle_dbapi_exception(
  File "C:\Users\karakurom traders\Desktop\Phase-II\backend\venv312\Lib\site-packages\sqlalchemy\engine\base.py", line 2363, in _handle_dbapi_exception
    raise sqlalchemy_exception.with_traceback(exc_info[2]) from e
  File "C:\Users\karakurom traders\Desktop\Phase-II\backend\venv312\Lib\site-packages\sqlalchemy\engine\base.py", line 1967, in _exec_single_context
    self.dialect.do_execute(
  File "C:\Users\karakurom traders\Desktop\Phase-II\backend\venv312\Lib\site-packages\sqlalchemy\engine\default.py", line 952, in do_execute
    cursor.execute(statement, parameters)
sqlalchemy.exc.ProgrammingError: (psycopg2.errors.UndefinedTable) relation "user" does not exist
LINE 2: FROM "user" 
             ^

[SQL: SELECT "user".id, "user".email, "user".password_hash, "user".created_at 
FROM "user" 
WHERE "user".email = %(email_1)s]
[parameters: {'email_1': 'ramisafatima67@gmail.com'}]
(Background on this error at: https://sqlalche.me/e/20/f405)
2025-12-13 21:49:17,999 - INFO - Attempting signup for email: ramisafatima67@gmail.com
2025-12-13 21:49:17,999 - INFO - BEGIN (implicit)
2025-12-13 21:49:18,000 - INFO - SELECT "user".id, "user".email, "user".password_hash, "user".created_at 
FROM "user" 
WHERE "user".email = %(email_1)s
2025-12-13 21:49:18,000 - INFO - [cached since 382.3s ago] {'email_1': 'ramisafatima67@gmail.com'}
ERROR:    Exception in ASGI application
Traceback (most recent call last):
  File "C:\Users\karakurom traders\Desktop\Phase-II\backend\venv312\Lib\site-packages\sqlalchemy\engine\base.py", line 1967, in _exec_single_context
    self.dialect.do_execute(
  File "C:\Users\karakurom traders\Desktop\Phase-II\backend\venv312\Lib\site-packages\sqlalchemy\engine\default.py", line 952, in do_execute
    cursor.execute(statement, parameters)
psycopg2.OperationalError: SSL connection has been closed unexpectedly


The above exception was the direct cause of the following exception:

Traceback (most recent call last):
  File "C:\Users\karakurom traders\Desktop\Phase-II\backend\venv312\Lib\site-packages\uvicorn\protocols\http\httptools_impl.py", line 409, in run_asgi
    result = await app(  # type: ignore[func-returns-value]
             ^^^^^^^^^^^^^^^^^^^^^^^^^^^^^^^^^^^^^^^^^^^^^^
  File "C:\Users\karakurom traders\Desktop\Phase-II\backend\venv312\Lib\site-packages\uvicorn\middleware\proxy_headers.py", line 60, in __call__
    return await self.app(scope, receive, send)
           ^^^^^^^^^^^^^^^^^^^^^^^^^^^^^^^^^^^^
  File "C:\Users\karakurom traders\Desktop\Phase-II\backend\venv312\Lib\site-packages\fastapi\applications.py", line 1054, in __call__
    await super().__call__(scope, receive, send)
  File "C:\Users\karakurom traders\Desktop\Phase-II\backend\venv312\Lib\site-packages\starlette\applications.py", line 113, in __call__
    await self.middleware_stack(scope, receive, send)
  File "C:\Users\karakurom traders\Desktop\Phase-II\backend\venv312\Lib\site-packages\starlette\middleware\errors.py", line 187, in __call__
    raise exc
  File "C:\Users\karakurom traders\Desktop\Phase-II\backend\venv312\Lib\site-packages\starlette\middleware\errors.py", line 165, in __call__
    await self.app(scope, receive, _send)
  File "C:\Users\karakurom traders\Desktop\Phase-II\backend\venv312\Lib\site-packages\starlette\middleware\cors.py", line 93, in __call__
    await self.simple_response(scope, receive, send, request_headers=headers)
  File "C:\Users\karakurom traders\Desktop\Phase-II\backend\venv312\Lib\site-packages\starlette\middleware\cors.py", line 144, in simple_response
    await self.app(scope, receive, send)
  File "C:\Users\karakurom traders\Desktop\Phase-II\backend\venv312\Lib\site-packages\starlette\middleware\exceptions.py", line 62, in __call__
    await wrap_app_handling_exceptions(self.app, conn)(scope, receive, send)
  File "C:\Users\karakurom traders\Desktop\Phase-II\backend\venv312\Lib\site-packages\starlette\_exception_handler.py", line 53, in wrapped_app
    raise exc
  File "C:\Users\karakurom traders\Desktop\Phase-II\backend\venv312\Lib\site-packages\starlette\_exception_handler.py", line 42, in wrapped_app
    await app(scope, receive, sender)
  File "C:\Users\karakurom traders\Desktop\Phase-II\backend\venv312\Lib\site-packages\starlette\routing.py", line 715, in __call__
    await self.middleware_stack(scope, receive, send)
  File "C:\Users\karakurom traders\Desktop\Phase-II\backend\venv312\Lib\site-packages\starlette\routing.py", line 735, in app
    await route.handle(scope, receive, send)
  File "C:\Users\karakurom traders\Desktop\Phase-II\backend\venv312\Lib\site-packages\starlette\routing.py", line 288, in handle
    await self.app(scope, receive, send)
  File "C:\Users\karakurom traders\Desktop\Phase-II\backend\venv312\Lib\site-packages\starlette\routing.py", line 76, in app
    await wrap_app_handling_exceptions(app, request)(scope, receive, send)
  File "C:\Users\karakurom traders\Desktop\Phase-II\backend\venv312\Lib\site-packages\starlette\_exception_handler.py", line 53, in wrapped_app
    raise exc
  File "C:\Users\karakurom traders\Desktop\Phase-II\backend\venv312\Lib\site-packages\starlette\_exception_handler.py", line 42, in wrapped_app
    await app(scope, receive, sender)
  File "C:\Users\karakurom traders\Desktop\Phase-II\backend\venv312\Lib\site-packages\starlette\routing.py", line 73, in app
    response = await f(request)
               ^^^^^^^^^^^^^^^^
  File "C:\Users\karakurom traders\Desktop\Phase-II\backend\venv312\Lib\site-packages\fastapi\routing.py", line 301, in app
    raw_response = await run_endpoint_function(
                   ^^^^^^^^^^^^^^^^^^^^^^^^^^^^
  File "C:\Users\karakurom traders\Desktop\Phase-II\backend\venv312\Lib\site-packages\fastapi\routing.py", line 212, in run_endpoint_function
    return await dependant.call(**values)
           ^^^^^^^^^^^^^^^^^^^^^^^^^^^^^^
  File "C:\Users\karakurom traders\Desktop\Phase-II\backend\src\api\auth.py", line 47, in signup
    existing_user = session.exec(select(User).where(User.email == user_data.email)).first()
                    ^^^^^^^^^^^^^^^^^^^^^^^^^^^^^^^^^^^^^^^^^^^^^^^^^^^^^^^^^^^^^^^
  File "C:\Users\karakurom traders\Desktop\Phase-II\backend\venv312\Lib\site-packages\sqlmodel\orm\session.py", line 66, in exec
    results = super().execute(
              ^^^^^^^^^^^^^^^^
  File "C:\Users\karakurom traders\Desktop\Phase-II\backend\venv312\Lib\site-packages\sqlalchemy\orm\session.py", line 2351, in execute
    return self._execute_internal(
           ^^^^^^^^^^^^^^^^^^^^^^^
  File "C:\Users\karakurom traders\Desktop\Phase-II\backend\venv312\Lib\site-packages\sqlalchemy\orm\session.py", line 2249, in _execute_internal
    result: Result[Any] = compile_state_cls.orm_execute_statement(
                          ^^^^^^^^^^^^^^^^^^^^^^^^^^^^^^^^^^^^^^^^
  File "C:\Users\karakurom traders\Desktop\Phase-II\backend\venv312\Lib\site-packages\sqlalchemy\orm\context.py", line 306, in orm_execute_statement
    result = conn.execute(
             ^^^^^^^^^^^^^
  File "C:\Users\karakurom traders\Desktop\Phase-II\backend\venv312\Lib\site-packages\sqlalchemy\engine\base.py", line 1419, in execute
    return meth(
           ^^^^^
  File "C:\Users\karakurom traders\Desktop\Phase-II\backend\venv312\Lib\site-packages\sqlalchemy\sql\elements.py", line 527, in _execute_on_connection
    return connection._execute_clauseelement(
           ^^^^^^^^^^^^^^^^^^^^^^^^^^^^^^^^^^
  File "C:\Users\karakurom traders\Desktop\Phase-II\backend\venv312\Lib\site-packages\sqlalchemy\engine\base.py", line 1641, in _execute_clauseelement
    ret = self._execute_context(
          ^^^^^^^^^^^^^^^^^^^^^^
  File "C:\Users\karakurom traders\Desktop\Phase-II\backend\venv312\Lib\site-packages\sqlalchemy\engine\base.py", line 1846, in _execute_context
    return self._exec_single_context(
           ^^^^^^^^^^^^^^^^^^^^^^^^^^
  File "C:\Users\karakurom traders\Desktop\Phase-II\backend\venv312\Lib\site-packages\sqlalchemy\engine\base.py", line 1986, in _exec_single_context
    self._handle_dbapi_exception(
  File "C:\Users\karakurom traders\Desktop\Phase-II\backend\venv312\Lib\site-packages\sqlalchemy\engine\base.py", line 2363, in _handle_dbapi_exception
    raise sqlalchemy_exception.with_traceback(exc_info[2]) from e
  File "C:\Users\karakurom traders\Desktop\Phase-II\backend\venv312\Lib\site-packages\sqlalchemy\engine\base.py", line 1967, in _exec_single_context
    self.dialect.do_execute(
  File "C:\Users\karakurom traders\Desktop\Phase-II\backend\venv312\Lib\site-packages\sqlalchemy\engine\default.py", line 952, in do_execute
    cursor.execute(statement, parameters)
sqlalchemy.exc.OperationalError: (psycopg2.OperationalError) SSL connection has been closed unexpectedly

[SQL: SELECT "user".id, "user".email, "user".password_hash, "user".created_at 
FROM "user" 
WHERE "user".email = %(email_1)s]
[parameters: {'email_1': 'ramisafatima67@gmail.com'}]
(Background on this error at: https://sqlalche.me/e/20/e3q8)
2025-12-13 21:49:53,813 - INFO - Attempting signup for email: ramisafatima67@gmail.com
2025-12-13 21:49:57,022 - INFO - BEGIN (implicit)
2025-12-13 21:49:57,022 - INFO - SELECT "user".id, "user".email, "user".password_hash, "user".created_at 
FROM "user" 
WHERE "user".email = %(email_1)s
2025-12-13 21:49:57,022 - INFO - [cached since 421.3s ago] {'email_1': 'ramisafatima67@gmail.com'}
2025-12-13 21:49:57,708 - INFO - ROLLBACK
ERROR:    Exception in ASGI application
Traceback (most recent call last):
  File "C:\Users\karakurom traders\Desktop\Phase-II\backend\venv312\Lib\site-packages\sqlalchemy\engine\base.py", line 1967, in _exec_single_context
    self.dialect.do_execute(
  File "C:\Users\karakurom traders\Desktop\Phase-II\backend\venv312\Lib\site-packages\sqlalchemy\engine\default.py", line 952, in do_execute
    cursor.execute(statement, parameters)
psycopg2.errors.UndefinedTable: relation "user" does not exist
LINE 2: FROM "user" 
             ^


The above exception was the direct cause of the following exception:

Traceback (most recent call last):
  File "C:\Users\karakurom traders\Desktop\Phase-II\backend\venv312\Lib\site-packages\uvicorn\protocols\http\httptools_impl.py", line 409, in run_asgi
    result = await app(  # type: ignore[func-returns-value]
             ^^^^^^^^^^^^^^^^^^^^^^^^^^^^^^^^^^^^^^^^^^^^^^
  File "C:\Users\karakurom traders\Desktop\Phase-II\backend\venv312\Lib\site-packages\uvicorn\middleware\proxy_headers.py", line 60, in __call__
    return await self.app(scope, receive, send)
           ^^^^^^^^^^^^^^^^^^^^^^^^^^^^^^^^^^^^
  File "C:\Users\karakurom traders\Desktop\Phase-II\backend\venv312\Lib\site-packages\fastapi\applications.py", line 1054, in __call__
    await super().__call__(scope, receive, send)
  File "C:\Users\karakurom traders\Desktop\Phase-II\backend\venv312\Lib\site-packages\starlette\applications.py", line 113, in __call__
    await self.middleware_stack(scope, receive, send)
  File "C:\Users\karakurom traders\Desktop\Phase-II\backend\venv312\Lib\site-packages\starlette\middleware\errors.py", line 187, in __call__
    raise exc
  File "C:\Users\karakurom traders\Desktop\Phase-II\backend\venv312\Lib\site-packages\starlette\middleware\errors.py", line 165, in __call__
    await self.app(scope, receive, _send)
  File "C:\Users\karakurom traders\Desktop\Phase-II\backend\venv312\Lib\site-packages\starlette\middleware\cors.py", line 93, in __call__
    await self.simple_response(scope, receive, send, request_headers=headers)
  File "C:\Users\karakurom traders\Desktop\Phase-II\backend\venv312\Lib\site-packages\starlette\middleware\cors.py", line 144, in simple_response
    await self.app(scope, receive, send)
  File "C:\Users\karakurom traders\Desktop\Phase-II\backend\venv312\Lib\site-packages\starlette\middleware\exceptions.py", line 62, in __call__
    await wrap_app_handling_exceptions(self.app, conn)(scope, receive, send)
  File "C:\Users\karakurom traders\Desktop\Phase-II\backend\venv312\Lib\site-packages\starlette\_exception_handler.py", line 53, in wrapped_app
    raise exc
  File "C:\Users\karakurom traders\Desktop\Phase-II\backend\venv312\Lib\site-packages\starlette\_exception_handler.py", line 42, in wrapped_app
    await app(scope, receive, sender)
  File "C:\Users\karakurom traders\Desktop\Phase-II\backend\venv312\Lib\site-packages\starlette\routing.py", line 715, in __call__
    await self.middleware_stack(scope, receive, send)
  File "C:\Users\karakurom traders\Desktop\Phase-II\backend\venv312\Lib\site-packages\starlette\routing.py", line 735, in app
    await route.handle(scope, receive, send)
  File "C:\Users\karakurom traders\Desktop\Phase-II\backend\venv312\Lib\site-packages\starlette\routing.py", line 288, in handle
    await self.app(scope, receive, send)
  File "C:\Users\karakurom traders\Desktop\Phase-II\backend\venv312\Lib\site-packages\starlette\routing.py", line 76, in app
    await wrap_app_handling_exceptions(app, request)(scope, receive, send)
  File "C:\Users\karakurom traders\Desktop\Phase-II\backend\venv312\Lib\site-packages\starlette\_exception_handler.py", line 53, in wrapped_app
    raise exc
  File "C:\Users\karakurom traders\Desktop\Phase-II\backend\venv312\Lib\site-packages\starlette\_exception_handler.py", line 42, in wrapped_app
    await app(scope, receive, sender)
  File "C:\Users\karakurom traders\Desktop\Phase-II\backend\venv312\Lib\site-packages\starlette\routing.py", line 73, in app
    response = await f(request)
               ^^^^^^^^^^^^^^^^
  File "C:\Users\karakurom traders\Desktop\Phase-II\backend\venv312\Lib\site-packages\fastapi\routing.py", line 301, in app
    raw_response = await run_endpoint_function(
                   ^^^^^^^^^^^^^^^^^^^^^^^^^^^^
  File "C:\Users\karakurom traders\Desktop\Phase-II\backend\venv312\Lib\site-packages\fastapi\routing.py", line 212, in run_endpoint_function
    return await dependant.call(**values)
           ^^^^^^^^^^^^^^^^^^^^^^^^^^^^^^
  File "C:\Users\karakurom traders\Desktop\Phase-II\backend\src\api\auth.py", line 47, in signup
    existing_user = session.exec(select(User).where(User.email == user_data.email)).first()
                    ^^^^^^^^^^^^^^^^^^^^^^^^^^^^^^^^^^^^^^^^^^^^^^^^^^^^^^^^^^^^^^^
  File "C:\Users\karakurom traders\Desktop\Phase-II\backend\venv312\Lib\site-packages\sqlmodel\orm\session.py", line 66, in exec
    results = super().execute(
              ^^^^^^^^^^^^^^^^
  File "C:\Users\karakurom traders\Desktop\Phase-II\backend\venv312\Lib\site-packages\sqlalchemy\orm\session.py", line 2351, in execute
    return self._execute_internal(
           ^^^^^^^^^^^^^^^^^^^^^^^
  File "C:\Users\karakurom traders\Desktop\Phase-II\backend\venv312\Lib\site-packages\sqlalchemy\orm\session.py", line 2249, in _execute_internal
    result: Result[Any] = compile_state_cls.orm_execute_statement(
                          ^^^^^^^^^^^^^^^^^^^^^^^^^^^^^^^^^^^^^^^^
  File "C:\Users\karakurom traders\Desktop\Phase-II\backend\venv312\Lib\site-packages\sqlalchemy\orm\context.py", line 306, in orm_execute_statement
    result = conn.execute(
             ^^^^^^^^^^^^^
  File "C:\Users\karakurom traders\Desktop\Phase-II\backend\venv312\Lib\site-packages\sqlalchemy\engine\base.py", line 1419, in execute
    return meth(
           ^^^^^
  File "C:\Users\karakurom traders\Desktop\Phase-II\backend\venv312\Lib\site-packages\sqlalchemy\sql\elements.py", line 527, in _execute_on_connection
    return connection._execute_clauseelement(
           ^^^^^^^^^^^^^^^^^^^^^^^^^^^^^^^^^^
  File "C:\Users\karakurom traders\Desktop\Phase-II\backend\venv312\Lib\site-packages\sqlalchemy\engine\base.py", line 1641, in _execute_clauseelement
    ret = self._execute_context(
          ^^^^^^^^^^^^^^^^^^^^^^
  File "C:\Users\karakurom traders\Desktop\Phase-II\backend\venv312\Lib\site-packages\sqlalchemy\engine\base.py", line 1846, in _execute_context
    return self._exec_single_context(
           ^^^^^^^^^^^^^^^^^^^^^^^^^^
  File "C:\Users\karakurom traders\Desktop\Phase-II\backend\venv312\Lib\site-packages\sqlalchemy\engine\base.py", line 1986, in _exec_single_context
    self._handle_dbapi_exception(
  File "C:\Users\karakurom traders\Desktop\Phase-II\backend\venv312\Lib\site-packages\sqlalchemy\engine\base.py", line 2363, in _handle_dbapi_exception
    raise sqlalchemy_exception.with_traceback(exc_info[2]) from e
  File "C:\Users\karakurom traders\Desktop\Phase-II\backend\venv312\Lib\site-packages\sqlalchemy\engine\base.py", line 1967, in _exec_single_context
    self.dialect.do_execute(
  File "C:\Users\karakurom traders\Desktop\Phase-II\backend\venv312\Lib\site-packages\sqlalchemy\engine\default.py", line 952, in do_execute
    cursor.execute(statement, parameters)
sqlalchemy.exc.ProgrammingError: (psycopg2.errors.UndefinedTable) relation "user" does not exist
LINE 2: FROM "user" 
             ^

[SQL: SELECT "user".id, "user".email, "user".password_hash, "user".created_at 
FROM "user" 
WHERE "user".email = %(email_1)s]
[parameters: {'email_1': 'ramisafatima67@gmail.com'}]
(Background on this error at: https://sqlalche.me/e/20/f405)
2025-12-13 21:51:15,688 - INFO - Attempting signup for email: user@example.co
2025-12-13 21:51:15,689 - INFO - BEGIN (implicit)
2025-12-13 21:51:15,689 - INFO - SELECT "user".id, "user".email, "user".password_hash, "user".created_at 
FROM "user" 
WHERE "user".email = %(email_1)s
2025-12-13 21:51:15,689 - INFO - [cached since 500s ago] {'email_1': 'user@example.co'}
2025-12-13 21:51:17,227 - INFO - ROLLBACK
ERROR:    Exception in ASGI application
Traceback (most recent call last):
  File "C:\Users\karakurom traders\Desktop\Phase-II\backend\venv312\Lib\site-packages\sqlalchemy\engine\base.py", line 1967, in _exec_single_context
    self.dialect.do_execute(
  File "C:\Users\karakurom traders\Desktop\Phase-II\backend\venv312\Lib\site-packages\sqlalchemy\engine\default.py", line 952, in do_execute
    cursor.execute(statement, parameters)
psycopg2.errors.UndefinedTable: relation "user" does not exist
LINE 2: FROM "user" 
             ^


The above exception was the direct cause of the following exception:

Traceback (most recent call last):
  File "C:\Users\karakurom traders\Desktop\Phase-II\backend\venv312\Lib\site-packages\uvicorn\protocols\http\httptools_impl.py", line 409, in run_asgi
    result = await app(  # type: ignore[func-returns-value]
             ^^^^^^^^^^^^^^^^^^^^^^^^^^^^^^^^^^^^^^^^^^^^^^
  File "C:\Users\karakurom traders\Desktop\Phase-II\backend\venv312\Lib\site-packages\uvicorn\middleware\proxy_headers.py", line 60, in __call__
    return await self.app(scope, receive, send)
           ^^^^^^^^^^^^^^^^^^^^^^^^^^^^^^^^^^^^
  File "C:\Users\karakurom traders\Desktop\Phase-II\backend\venv312\Lib\site-packages\fastapi\applications.py", line 1054, in __call__
    await super().__call__(scope, receive, send)
  File "C:\Users\karakurom traders\Desktop\Phase-II\backend\venv312\Lib\site-packages\starlette\applications.py", line 113, in __call__
    await self.middleware_stack(scope, receive, send)
  File "C:\Users\karakurom traders\Desktop\Phase-II\backend\venv312\Lib\site-packages\starlette\middleware\errors.py", line 187, in __call__
    raise exc
  File "C:\Users\karakurom traders\Desktop\Phase-II\backend\venv312\Lib\site-packages\starlette\middleware\errors.py", line 165, in __call__
    await self.app(scope, receive, _send)
  File "C:\Users\karakurom traders\Desktop\Phase-II\backend\venv312\Lib\site-packages\starlette\middleware\cors.py", line 93, in __call__
    await self.simple_response(scope, receive, send, request_headers=headers)
  File "C:\Users\karakurom traders\Desktop\Phase-II\backend\venv312\Lib\site-packages\starlette\middleware\cors.py", line 144, in simple_response
    await self.app(scope, receive, send)
  File "C:\Users\karakurom traders\Desktop\Phase-II\backend\venv312\Lib\site-packages\starlette\middleware\exceptions.py", line 62, in __call__
    await wrap_app_handling_exceptions(self.app, conn)(scope, receive, send)
  File "C:\Users\karakurom traders\Desktop\Phase-II\backend\venv312\Lib\site-packages\starlette\_exception_handler.py", line 53, in wrapped_app
    raise exc
  File "C:\Users\karakurom traders\Desktop\Phase-II\backend\venv312\Lib\site-packages\starlette\_exception_handler.py", line 42, in wrapped_app
    await app(scope, receive, sender)
  File "C:\Users\karakurom traders\Desktop\Phase-II\backend\venv312\Lib\site-packages\starlette\routing.py", line 715, in __call__
    await self.middleware_stack(scope, receive, send)
  File "C:\Users\karakurom traders\Desktop\Phase-II\backend\venv312\Lib\site-packages\starlette\routing.py", line 735, in app
    await route.handle(scope, receive, send)
  File "C:\Users\karakurom traders\Desktop\Phase-II\backend\venv312\Lib\site-packages\starlette\routing.py", line 288, in handle
    await self.app(scope, receive, send)
  File "C:\Users\karakurom traders\Desktop\Phase-II\backend\venv312\Lib\site-packages\starlette\routing.py", line 76, in app
    await wrap_app_handling_exceptions(app, request)(scope, receive, send)
  File "C:\Users\karakurom traders\Desktop\Phase-II\backend\venv312\Lib\site-packages\starlette\_exception_handler.py", line 53, in wrapped_app
    raise exc
  File "C:\Users\karakurom traders\Desktop\Phase-II\backend\venv312\Lib\site-packages\starlette\_exception_handler.py", line 42, in wrapped_app
    await app(scope, receive, sender)
  File "C:\Users\karakurom traders\Desktop\Phase-II\backend\venv312\Lib\site-packages\starlette\routing.py", line 73, in app
    response = await f(request)
               ^^^^^^^^^^^^^^^^
  File "C:\Users\karakurom traders\Desktop\Phase-II\backend\venv312\Lib\site-packages\fastapi\routing.py", line 301, in app
    raw_response = await run_endpoint_function(
                   ^^^^^^^^^^^^^^^^^^^^^^^^^^^^
  File "C:\Users\karakurom traders\Desktop\Phase-II\backend\venv312\Lib\site-packages\fastapi\routing.py", line 212, in run_endpoint_function
    return await dependant.call(**values)
           ^^^^^^^^^^^^^^^^^^^^^^^^^^^^^^
  File "C:\Users\karakurom traders\Desktop\Phase-II\backend\src\api\auth.py", line 47, in signup
    existing_user = session.exec(select(User).where(User.email == user_data.email)).first()
                    ^^^^^^^^^^^^^^^^^^^^^^^^^^^^^^^^^^^^^^^^^^^^^^^^^^^^^^^^^^^^^^^
  File "C:\Users\karakurom traders\Desktop\Phase-II\backend\venv312\Lib\site-packages\sqlmodel\orm\session.py", line 66, in exec
    results = super().execute(
              ^^^^^^^^^^^^^^^^
  File "C:\Users\karakurom traders\Desktop\Phase-II\backend\venv312\Lib\site-packages\sqlalchemy\orm\session.py", line 2351, in execute
    return self._execute_internal(
           ^^^^^^^^^^^^^^^^^^^^^^^
  File "C:\Users\karakurom traders\Desktop\Phase-II\backend\venv312\Lib\site-packages\sqlalchemy\orm\session.py", line 2249, in _execute_internal
    result: Result[Any] = compile_state_cls.orm_execute_statement(
                          ^^^^^^^^^^^^^^^^^^^^^^^^^^^^^^^^^^^^^^^^
  File "C:\Users\karakurom traders\Desktop\Phase-II\backend\venv312\Lib\site-packages\sqlalchemy\orm\context.py", line 306, in orm_execute_statement
    result = conn.execute(
             ^^^^^^^^^^^^^
  File "C:\Users\karakurom traders\Desktop\Phase-II\backend\venv312\Lib\site-packages\sqlalchemy\engine\base.py", line 1419, in execute
    return meth(
           ^^^^^
  File "C:\Users\karakurom traders\Desktop\Phase-II\backend\venv312\Lib\site-packages\sqlalchemy\sql\elements.py", line 527, in _execute_on_connection
    return connection._execute_clauseelement(
           ^^^^^^^^^^^^^^^^^^^^^^^^^^^^^^^^^^
  File "C:\Users\karakurom traders\Desktop\Phase-II\backend\venv312\Lib\site-packages\sqlalchemy\engine\base.py", line 1641, in _execute_clauseelement
    ret = self._execute_context(
          ^^^^^^^^^^^^^^^^^^^^^^
  File "C:\Users\karakurom traders\Desktop\Phase-II\backend\venv312\Lib\site-packages\sqlalchemy\engine\base.py", line 1846, in _execute_context
    return self._exec_single_context(
           ^^^^^^^^^^^^^^^^^^^^^^^^^^
  File "C:\Users\karakurom traders\Desktop\Phase-II\backend\venv312\Lib\site-packages\sqlalchemy\engine\base.py", line 1986, in _exec_single_context
    self._handle_dbapi_exception(
  File "C:\Users\karakurom traders\Desktop\Phase-II\backend\venv312\Lib\site-packages\sqlalchemy\engine\base.py", line 2363, in _handle_dbapi_exception
    raise sqlalchemy_exception.with_traceback(exc_info[2]) from e
  File "C:\Users\karakurom traders\Desktop\Phase-II\backend\venv312\Lib\site-packages\sqlalchemy\engine\base.py", line 1967, in _exec_single_context
    self.dialect.do_execute(
  File "C:\Users\karakurom traders\Desktop\Phase-II\backend\venv312\Lib\site-packages\sqlalchemy\engine\default.py", line 952, in do_execute
    cursor.execute(statement, parameters)
sqlalchemy.exc.ProgrammingError: (psycopg2.errors.UndefinedTable) relation "user" does not exist
LINE 2: FROM "user" 
             ^

[SQL: SELECT "user".id, "user".email, "user".password_hash, "user".created_at 
FROM "user" 
WHERE "user".email = %(email_1)s]
[parameters: {'email_1': 'user@example.co'}]
(Background on this error at: https://sqlalche.me/e/20/f405)
2025-12-13 21:51:25,693 - INFO - Attempting signup for email: user@example.co
2025-12-13 21:51:25,694 - INFO - BEGIN (implicit)
2025-12-13 21:51:25,698 - INFO - SELECT "user".id, "user".email, "user".password_hash, "user".created_at 
FROM "user" 
WHERE "user".email = %(email_1)s
2025-12-13 21:51:25,698 - INFO - [cached since 510s ago] {'email_1': 'user@example.co'}
2025-12-13 21:51:26,394 - INFO - ROLLBACK
ERROR:    Exception in ASGI application
Traceback (most recent call last):
  File "C:\Users\karakurom traders\Desktop\Phase-II\backend\venv312\Lib\site-packages\sqlalchemy\engine\base.py", line 1967, in _exec_single_context
    self.dialect.do_execute(
  File "C:\Users\karakurom traders\Desktop\Phase-II\backend\venv312\Lib\site-packages\sqlalchemy\engine\default.py", line 952, in do_execute
    cursor.execute(statement, parameters)
psycopg2.errors.UndefinedTable: relation "user" does not exist
LINE 2: FROM "user" 
             ^


The above exception was the direct cause of the following exception:

Traceback (most recent call last):
  File "C:\Users\karakurom traders\Desktop\Phase-II\backend\venv312\Lib\site-packages\uvicorn\protocols\http\httptools_impl.py", line 409, in run_asgi
    result = await app(  # type: ignore[func-returns-value]
             ^^^^^^^^^^^^^^^^^^^^^^^^^^^^^^^^^^^^^^^^^^^^^^
  File "C:\Users\karakurom traders\Desktop\Phase-II\backend\venv312\Lib\site-packages\uvicorn\middleware\proxy_headers.py", line 60, in __call__
    return await self.app(scope, receive, send)
           ^^^^^^^^^^^^^^^^^^^^^^^^^^^^^^^^^^^^
  File "C:\Users\karakurom traders\Desktop\Phase-II\backend\venv312\Lib\site-packages\fastapi\applications.py", line 1054, in __call__
    await super().__call__(scope, receive, send)
  File "C:\Users\karakurom traders\Desktop\Phase-II\backend\venv312\Lib\site-packages\starlette\applications.py", line 113, in __call__
    await self.middleware_stack(scope, receive, send)
  File "C:\Users\karakurom traders\Desktop\Phase-II\backend\venv312\Lib\site-packages\starlette\middleware\errors.py", line 187, in __call__
    raise exc
  File "C:\Users\karakurom traders\Desktop\Phase-II\backend\venv312\Lib\site-packages\starlette\middleware\errors.py", line 165, in __call__
    await self.app(scope, receive, _send)
  File "C:\Users\karakurom traders\Desktop\Phase-II\backend\venv312\Lib\site-packages\starlette\middleware\cors.py", line 93, in __call__
    await self.simple_response(scope, receive, send, request_headers=headers)
  File "C:\Users\karakurom traders\Desktop\Phase-II\backend\venv312\Lib\site-packages\starlette\middleware\cors.py", line 144, in simple_response
    await self.app(scope, receive, send)
  File "C:\Users\karakurom traders\Desktop\Phase-II\backend\venv312\Lib\site-packages\starlette\middleware\exceptions.py", line 62, in __call__
    await wrap_app_handling_exceptions(self.app, conn)(scope, receive, send)
  File "C:\Users\karakurom traders\Desktop\Phase-II\backend\venv312\Lib\site-packages\starlette\_exception_handler.py", line 53, in wrapped_app
    raise exc
  File "C:\Users\karakurom traders\Desktop\Phase-II\backend\venv312\Lib\site-packages\starlette\_exception_handler.py", line 42, in wrapped_app
    await app(scope, receive, sender)
  File "C:\Users\karakurom traders\Desktop\Phase-II\backend\venv312\Lib\site-packages\starlette\routing.py", line 715, in __call__
    await self.middleware_stack(scope, receive, send)
  File "C:\Users\karakurom traders\Desktop\Phase-II\backend\venv312\Lib\site-packages\starlette\routing.py", line 735, in app
    await route.handle(scope, receive, send)
  File "C:\Users\karakurom traders\Desktop\Phase-II\backend\venv312\Lib\site-packages\starlette\routing.py", line 288, in handle
    await self.app(scope, receive, send)
  File "C:\Users\karakurom traders\Desktop\Phase-II\backend\venv312\Lib\site-packages\starlette\routing.py", line 76, in app
    await wrap_app_handling_exceptions(app, request)(scope, receive, send)
  File "C:\Users\karakurom traders\Desktop\Phase-II\backend\venv312\Lib\site-packages\starlette\_exception_handler.py", line 53, in wrapped_app
    raise exc
  File "C:\Users\karakurom traders\Desktop\Phase-II\backend\venv312\Lib\site-packages\starlette\_exception_handler.py", line 42, in wrapped_app
    await app(scope, receive, sender)
  File "C:\Users\karakurom traders\Desktop\Phase-II\backend\venv312\Lib\site-packages\starlette\routing.py", line 73, in app
    response = await f(request)
               ^^^^^^^^^^^^^^^^
  File "C:\Users\karakurom traders\Desktop\Phase-II\backend\venv312\Lib\site-packages\fastapi\routing.py", line 301, in app
    raw_response = await run_endpoint_function(
                   ^^^^^^^^^^^^^^^^^^^^^^^^^^^^
  File "C:\Users\karakurom traders\Desktop\Phase-II\backend\venv312\Lib\site-packages\fastapi\routing.py", line 212, in run_endpoint_function
    return await dependant.call(**values)
           ^^^^^^^^^^^^^^^^^^^^^^^^^^^^^^
  File "C:\Users\karakurom traders\Desktop\Phase-II\backend\src\api\auth.py", line 47, in signup
    existing_user = session.exec(select(User).where(User.email == user_data.email)).first()
                    ^^^^^^^^^^^^^^^^^^^^^^^^^^^^^^^^^^^^^^^^^^^^^^^^^^^^^^^^^^^^^^^
  File "C:\Users\karakurom traders\Desktop\Phase-II\backend\venv312\Lib\site-packages\sqlmodel\orm\session.py", line 66, in exec
    results = super().execute(
              ^^^^^^^^^^^^^^^^
  File "C:\Users\karakurom traders\Desktop\Phase-II\backend\venv312\Lib\site-packages\sqlalchemy\orm\session.py", line 2351, in execute
    return self._execute_internal(
           ^^^^^^^^^^^^^^^^^^^^^^^
  File "C:\Users\karakurom traders\Desktop\Phase-II\backend\venv312\Lib\site-packages\sqlalchemy\orm\session.py", line 2249, in _execute_internal
    result: Result[Any] = compile_state_cls.orm_execute_statement(
                          ^^^^^^^^^^^^^^^^^^^^^^^^^^^^^^^^^^^^^^^^
  File "C:\Users\karakurom traders\Desktop\Phase-II\backend\venv312\Lib\site-packages\sqlalchemy\orm\context.py", line 306, in orm_execute_statement
    result = conn.execute(
             ^^^^^^^^^^^^^
  File "C:\Users\karakurom traders\Desktop\Phase-II\backend\venv312\Lib\site-packages\sqlalchemy\engine\base.py", line 1419, in execute
    return meth(
           ^^^^^
  File "C:\Users\karakurom traders\Desktop\Phase-II\backend\venv312\Lib\site-packages\sqlalchemy\sql\elements.py", line 527, in _execute_on_connection
    return connection._execute_clauseelement(
           ^^^^^^^^^^^^^^^^^^^^^^^^^^^^^^^^^^
  File "C:\Users\karakurom traders\Desktop\Phase-II\backend\venv312\Lib\site-packages\sqlalchemy\engine\base.py", line 1641, in _execute_clauseelement
    ret = self._execute_context(
          ^^^^^^^^^^^^^^^^^^^^^^
  File "C:\Users\karakurom traders\Desktop\Phase-II\backend\venv312\Lib\site-packages\sqlalchemy\engine\base.py", line 1846, in _execute_context
    return self._exec_single_context(
           ^^^^^^^^^^^^^^^^^^^^^^^^^^
  File "C:\Users\karakurom traders\Desktop\Phase-II\backend\venv312\Lib\site-packages\sqlalchemy\engine\base.py", line 1986, in _exec_single_context
    self._handle_dbapi_exception(
  File "C:\Users\karakurom traders\Desktop\Phase-II\backend\venv312\Lib\site-packages\sqlalchemy\engine\base.py", line 2363, in _handle_dbapi_exception
    raise sqlalchemy_exception.with_traceback(exc_info[2]) from e
  File "C:\Users\karakurom traders\Desktop\Phase-II\backend\venv312\Lib\site-packages\sqlalchemy\engine\base.py", line 1967, in _exec_single_context
    self.dialect.do_execute(
  File "C:\Users\karakurom traders\Desktop\Phase-II\backend\venv312\Lib\site-packages\sqlalchemy\engine\default.py", line 952, in do_execute
    cursor.execute(statement, parameters)
sqlalchemy.exc.ProgrammingError: (psycopg2.errors.UndefinedTable) relation "user" does not exist
LINE 2: FROM "user" 
             ^

[SQL: SELECT "user".id, "user".email, "user".password_hash, "user".created_at 
FROM "user" 
WHERE "user".email = %(email_1)s]
[parameters: {'email_1': 'user@example.co'}]
(Background on this error at: https://sqlalche.me/e/20/f405)
2025-12-13 21:55:35,850 - INFO - Attempting signup for email: user@example.com
2025-12-13 21:55:35,853 - INFO - BEGIN (implicit)
2025-12-13 21:55:35,854 - INFO - SELECT "user".id, "user".email, "user".password_hash, "user".created_at 
FROM "user" 
WHERE "user".email = %(email_1)s
2025-12-13 21:55:35,855 - INFO - [cached since 760.2s ago] {'email_1': 'user@example.com'}
2025-12-13 21:55:36,528 - INFO - ROLLBACK
ERROR:    Exception in ASGI application
Traceback (most recent call last):
  File "C:\Users\karakurom traders\Desktop\Phase-II\backend\venv312\Lib\site-packages\sqlalchemy\engine\base.py", line 1967, in _exec_single_context
    self.dialect.do_execute(
  File "C:\Users\karakurom traders\Desktop\Phase-II\backend\venv312\Lib\site-packages\sqlalchemy\engine\default.py", line 952, in do_execute
    cursor.execute(statement, parameters)
psycopg2.errors.UndefinedTable: relation "user" does not exist
LINE 2: FROM "user" 
             ^


The above exception was the direct cause of the following exception:

Traceback (most recent call last):
  File "C:\Users\karakurom traders\Desktop\Phase-II\backend\venv312\Lib\site-packages\uvicorn\protocols\http\httptools_impl.py", line 409, in run_asgi
    result = await app(  # type: ignore[func-returns-value]
             ^^^^^^^^^^^^^^^^^^^^^^^^^^^^^^^^^^^^^^^^^^^^^^
  File "C:\Users\karakurom traders\Desktop\Phase-II\backend\venv312\Lib\site-packages\uvicorn\middleware\proxy_headers.py", line 60, in __call__
    return await self.app(scope, receive, send)
           ^^^^^^^^^^^^^^^^^^^^^^^^^^^^^^^^^^^^
  File "C:\Users\karakurom traders\Desktop\Phase-II\backend\venv312\Lib\site-packages\fastapi\applications.py", line 1054, in __call__
    await super().__call__(scope, receive, send)
  File "C:\Users\karakurom traders\Desktop\Phase-II\backend\venv312\Lib\site-packages\starlette\applications.py", line 113, in __call__
    await self.middleware_stack(scope, receive, send)
  File "C:\Users\karakurom traders\Desktop\Phase-II\backend\venv312\Lib\site-packages\starlette\middleware\errors.py", line 187, in __call__
    raise exc
  File "C:\Users\karakurom traders\Desktop\Phase-II\backend\venv312\Lib\site-packages\starlette\middleware\errors.py", line 165, in __call__
    await self.app(scope, receive, _send)
  File "C:\Users\karakurom traders\Desktop\Phase-II\backend\venv312\Lib\site-packages\starlette\middleware\cors.py", line 93, in __call__
    await self.simple_response(scope, receive, send, request_headers=headers)
  File "C:\Users\karakurom traders\Desktop\Phase-II\backend\venv312\Lib\site-packages\starlette\middleware\cors.py", line 144, in simple_response
    await self.app(scope, receive, send)
  File "C:\Users\karakurom traders\Desktop\Phase-II\backend\venv312\Lib\site-packages\starlette\middleware\exceptions.py", line 62, in __call__
    await wrap_app_handling_exceptions(self.app, conn)(scope, receive, send)
  File "C:\Users\karakurom traders\Desktop\Phase-II\backend\venv312\Lib\site-packages\starlette\_exception_handler.py", line 53, in wrapped_app
    raise exc
  File "C:\Users\karakurom traders\Desktop\Phase-II\backend\venv312\Lib\site-packages\starlette\_exception_handler.py", line 42, in wrapped_app
    await app(scope, receive, sender)
  File "C:\Users\karakurom traders\Desktop\Phase-II\backend\venv312\Lib\site-packages\starlette\routing.py", line 715, in __call__
    await self.middleware_stack(scope, receive, send)
  File "C:\Users\karakurom traders\Desktop\Phase-II\backend\venv312\Lib\site-packages\starlette\routing.py", line 735, in app
    await route.handle(scope, receive, send)
  File "C:\Users\karakurom traders\Desktop\Phase-II\backend\venv312\Lib\site-packages\starlette\routing.py", line 288, in handle
    await self.app(scope, receive, send)
  File "C:\Users\karakurom traders\Desktop\Phase-II\backend\venv312\Lib\site-packages\starlette\routing.py", line 76, in app
    await wrap_app_handling_exceptions(app, request)(scope, receive, send)
  File "C:\Users\karakurom traders\Desktop\Phase-II\backend\venv312\Lib\site-packages\starlette\_exception_handler.py", line 53, in wrapped_app
    raise exc
  File "C:\Users\karakurom traders\Desktop\Phase-II\backend\venv312\Lib\site-packages\starlette\_exception_handler.py", line 42, in wrapped_app
    await app(scope, receive, sender)
  File "C:\Users\karakurom traders\Desktop\Phase-II\backend\venv312\Lib\site-packages\starlette\routing.py", line 73, in app
    response = await f(request)
               ^^^^^^^^^^^^^^^^
  File "C:\Users\karakurom traders\Desktop\Phase-II\backend\venv312\Lib\site-packages\fastapi\routing.py", line 301, in app
    raw_response = await run_endpoint_function(
                   ^^^^^^^^^^^^^^^^^^^^^^^^^^^^
  File "C:\Users\karakurom traders\Desktop\Phase-II\backend\venv312\Lib\site-packages\fastapi\routing.py", line 212, in run_endpoint_function
    return await dependant.call(**values)
           ^^^^^^^^^^^^^^^^^^^^^^^^^^^^^^
  File "C:\Users\karakurom traders\Desktop\Phase-II\backend\src\api\auth.py", line 47, in signup
    existing_user = session.exec(select(User).where(User.email == user_data.email)).first()
                    ^^^^^^^^^^^^^^^^^^^^^^^^^^^^^^^^^^^^^^^^^^^^^^^^^^^^^^^^^^^^^^^
  File "C:\Users\karakurom traders\Desktop\Phase-II\backend\venv312\Lib\site-packages\sqlmodel\orm\session.py", line 66, in exec
    results = super().execute(
              ^^^^^^^^^^^^^^^^
  File "C:\Users\karakurom traders\Desktop\Phase-II\backend\venv312\Lib\site-packages\sqlalchemy\orm\session.py", line 2351, in execute
    return self._execute_internal(
           ^^^^^^^^^^^^^^^^^^^^^^^
  File "C:\Users\karakurom traders\Desktop\Phase-II\backend\venv312\Lib\site-packages\sqlalchemy\orm\session.py", line 2249, in _execute_internal
    result: Result[Any] = compile_state_cls.orm_execute_statement(
                          ^^^^^^^^^^^^^^^^^^^^^^^^^^^^^^^^^^^^^^^^
  File "C:\Users\karakurom traders\Desktop\Phase-II\backend\venv312\Lib\site-packages\sqlalchemy\orm\context.py", line 306, in orm_execute_statement
    result = conn.execute(
             ^^^^^^^^^^^^^
  File "C:\Users\karakurom traders\Desktop\Phase-II\backend\venv312\Lib\site-packages\sqlalchemy\engine\base.py", line 1419, in execute
    return meth(
           ^^^^^
  File "C:\Users\karakurom traders\Desktop\Phase-II\backend\venv312\Lib\site-packages\sqlalchemy\sql\elements.py", line 527, in _execute_on_connection
    return connection._execute_clauseelement(
           ^^^^^^^^^^^^^^^^^^^^^^^^^^^^^^^^^^
  File "C:\Users\karakurom traders\Desktop\Phase-II\backend\venv312\Lib\site-packages\sqlalchemy\engine\base.py", line 1641, in _execute_clauseelement
    ret = self._execute_context(
          ^^^^^^^^^^^^^^^^^^^^^^
  File "C:\Users\karakurom traders\Desktop\Phase-II\backend\venv312\Lib\site-packages\sqlalchemy\engine\base.py", line 1846, in _execute_context
    return self._exec_single_context(
           ^^^^^^^^^^^^^^^^^^^^^^^^^^
  File "C:\Users\karakurom traders\Desktop\Phase-II\backend\venv312\Lib\site-packages\sqlalchemy\engine\base.py", line 1986, in _exec_single_context
    self._handle_dbapi_exception(
  File "C:\Users\karakurom traders\Desktop\Phase-II\backend\venv312\Lib\site-packages\sqlalchemy\engine\base.py", line 2363, in _handle_dbapi_exception
    raise sqlalchemy_exception.with_traceback(exc_info[2]) from e
  File "C:\Users\karakurom traders\Desktop\Phase-II\backend\venv312\Lib\site-packages\sqlalchemy\engine\base.py", line 1967, in _exec_single_context
    self.dialect.do_execute(
  File "C:\Users\karakurom traders\Desktop\Phase-II\backend\venv312\Lib\site-packages\sqlalchemy\engine\default.py", line 952, in do_execute
    cursor.execute(statement, parameters)
sqlalchemy.exc.ProgrammingError: (psycopg2.errors.UndefinedTable) relation "user" does not exist
LINE 2: FROM "user" 
             ^

[SQL: SELECT "user".id, "user".email, "user".password_hash, "user".created_at 
FROM "user" 
WHERE "user".email = %(email_1)s]
[parameters: {'email_1': 'user@example.com'}]
(Background on this error at: https://sqlalche.me/e/20/f405)
2025-12-13 21:55:50,229 - INFO - Attempting signup for email: ramisafatima67@gmail.com
2025-12-13 21:55:50,230 - INFO - BEGIN (implicit)
2025-12-13 21:55:50,232 - INFO - SELECT "user".id, "user".email, "user".password_hash, "user".created_at 
FROM "user" 
WHERE "user".email = %(email_1)s
2025-12-13 21:55:50,232 - INFO - [cached since 774.5s ago] {'email_1': 'ramisafatima67@gmail.com'}
2025-12-13 21:55:50,900 - INFO - ROLLBACK
ERROR:    Exception in ASGI application
Traceback (most recent call last):
  File "C:\Users\karakurom traders\Desktop\Phase-II\backend\venv312\Lib\site-packages\sqlalchemy\engine\base.py", line 1967, in _exec_single_context
    self.dialect.do_execute(
  File "C:\Users\karakurom traders\Desktop\Phase-II\backend\venv312\Lib\site-packages\sqlalchemy\engine\default.py", line 952, in do_execute
    cursor.execute(statement, parameters)
psycopg2.errors.UndefinedTable: relation "user" does not exist
LINE 2: FROM "user" 
             ^


The above exception was the direct cause of the following exception:

Traceback (most recent call last):
  File "C:\Users\karakurom traders\Desktop\Phase-II\backend\venv312\Lib\site-packages\uvicorn\protocols\http\httptools_impl.py", line 409, in run_asgi
    result = await app(  # type: ignore[func-returns-value]
             ^^^^^^^^^^^^^^^^^^^^^^^^^^^^^^^^^^^^^^^^^^^^^^
  File "C:\Users\karakurom traders\Desktop\Phase-II\backend\venv312\Lib\site-packages\uvicorn\middleware\proxy_headers.py", line 60, in __call__
    return await self.app(scope, receive, send)
           ^^^^^^^^^^^^^^^^^^^^^^^^^^^^^^^^^^^^
  File "C:\Users\karakurom traders\Desktop\Phase-II\backend\venv312\Lib\site-packages\fastapi\applications.py", line 1054, in __call__
    await super().__call__(scope, receive, send)
  File "C:\Users\karakurom traders\Desktop\Phase-II\backend\venv312\Lib\site-packages\starlette\applications.py", line 113, in __call__
    await self.middleware_stack(scope, receive, send)
  File "C:\Users\karakurom traders\Desktop\Phase-II\backend\venv312\Lib\site-packages\starlette\middleware\errors.py", line 187, in __call__
    raise exc
  File "C:\Users\karakurom traders\Desktop\Phase-II\backend\venv312\Lib\site-packages\starlette\middleware\errors.py", line 165, in __call__
    await self.app(scope, receive, _send)
  File "C:\Users\karakurom traders\Desktop\Phase-II\backend\venv312\Lib\site-packages\starlette\middleware\cors.py", line 93, in __call__
    await self.simple_response(scope, receive, send, request_headers=headers)
  File "C:\Users\karakurom traders\Desktop\Phase-II\backend\venv312\Lib\site-packages\starlette\middleware\cors.py", line 144, in simple_response
    await self.app(scope, receive, send)
  File "C:\Users\karakurom traders\Desktop\Phase-II\backend\venv312\Lib\site-packages\starlette\middleware\exceptions.py", line 62, in __call__
    await wrap_app_handling_exceptions(self.app, conn)(scope, receive, send)
  File "C:\Users\karakurom traders\Desktop\Phase-II\backend\venv312\Lib\site-packages\starlette\_exception_handler.py", line 53, in wrapped_app
    raise exc
  File "C:\Users\karakurom traders\Desktop\Phase-II\backend\venv312\Lib\site-packages\starlette\_exception_handler.py", line 42, in wrapped_app
    await app(scope, receive, sender)
  File "C:\Users\karakurom traders\Desktop\Phase-II\backend\venv312\Lib\site-packages\starlette\routing.py", line 715, in __call__
    await self.middleware_stack(scope, receive, send)
  File "C:\Users\karakurom traders\Desktop\Phase-II\backend\venv312\Lib\site-packages\starlette\routing.py", line 735, in app
    await route.handle(scope, receive, send)
  File "C:\Users\karakurom traders\Desktop\Phase-II\backend\venv312\Lib\site-packages\starlette\routing.py", line 288, in handle
    await self.app(scope, receive, send)
  File "C:\Users\karakurom traders\Desktop\Phase-II\backend\venv312\Lib\site-packages\starlette\routing.py", line 76, in app
    await wrap_app_handling_exceptions(app, request)(scope, receive, send)
  File "C:\Users\karakurom traders\Desktop\Phase-II\backend\venv312\Lib\site-packages\starlette\_exception_handler.py", line 53, in wrapped_app
    raise exc
  File "C:\Users\karakurom traders\Desktop\Phase-II\backend\venv312\Lib\site-packages\starlette\_exception_handler.py", line 42, in wrapped_app
    await app(scope, receive, sender)
  File "C:\Users\karakurom traders\Desktop\Phase-II\backend\venv312\Lib\site-packages\starlette\routing.py", line 73, in app
    response = await f(request)
               ^^^^^^^^^^^^^^^^
  File "C:\Users\karakurom traders\Desktop\Phase-II\backend\venv312\Lib\site-packages\fastapi\routing.py", line 301, in app
    raw_response = await run_endpoint_function(
                   ^^^^^^^^^^^^^^^^^^^^^^^^^^^^
  File "C:\Users\karakurom traders\Desktop\Phase-II\backend\venv312\Lib\site-packages\fastapi\routing.py", line 212, in run_endpoint_function
    return await dependant.call(**values)
           ^^^^^^^^^^^^^^^^^^^^^^^^^^^^^^
  File "C:\Users\karakurom traders\Desktop\Phase-II\backend\src\api\auth.py", line 47, in signup
    existing_user = session.exec(select(User).where(User.email == user_data.email)).first()
                    ^^^^^^^^^^^^^^^^^^^^^^^^^^^^^^^^^^^^^^^^^^^^^^^^^^^^^^^^^^^^^^^
  File "C:\Users\karakurom traders\Desktop\Phase-II\backend\venv312\Lib\site-packages\sqlmodel\orm\session.py", line 66, in exec
    results = super().execute(
              ^^^^^^^^^^^^^^^^
  File "C:\Users\karakurom traders\Desktop\Phase-II\backend\venv312\Lib\site-packages\sqlalchemy\orm\session.py", line 2351, in execute
    return self._execute_internal(
           ^^^^^^^^^^^^^^^^^^^^^^^
  File "C:\Users\karakurom traders\Desktop\Phase-II\backend\venv312\Lib\site-packages\sqlalchemy\orm\session.py", line 2249, in _execute_internal
    result: Result[Any] = compile_state_cls.orm_execute_statement(
                          ^^^^^^^^^^^^^^^^^^^^^^^^^^^^^^^^^^^^^^^^
  File "C:\Users\karakurom traders\Desktop\Phase-II\backend\venv312\Lib\site-packages\sqlalchemy\orm\context.py", line 306, in orm_execute_statement
    result = conn.execute(
             ^^^^^^^^^^^^^
  File "C:\Users\karakurom traders\Desktop\Phase-II\backend\venv312\Lib\site-packages\sqlalchemy\engine\base.py", line 1419, in execute
    return meth(
           ^^^^^
  File "C:\Users\karakurom traders\Desktop\Phase-II\backend\venv312\Lib\site-packages\sqlalchemy\sql\elements.py", line 527, in _execute_on_connection
    return connection._execute_clauseelement(
           ^^^^^^^^^^^^^^^^^^^^^^^^^^^^^^^^^^
  File "C:\Users\karakurom traders\Desktop\Phase-II\backend\venv312\Lib\site-packages\sqlalchemy\engine\base.py", line 1641, in _execute_clauseelement
    ret = self._execute_context(
          ^^^^^^^^^^^^^^^^^^^^^^
  File "C:\Users\karakurom traders\Desktop\Phase-II\backend\venv312\Lib\site-packages\sqlalchemy\engine\base.py", line 1846, in _execute_context
    return self._exec_single_context(
           ^^^^^^^^^^^^^^^^^^^^^^^^^^
  File "C:\Users\karakurom traders\Desktop\Phase-II\backend\venv312\Lib\site-packages\sqlalchemy\engine\base.py", line 1986, in _exec_single_context
    self._handle_dbapi_exception(
  File "C:\Users\karakurom traders\Desktop\Phase-II\backend\venv312\Lib\site-packages\sqlalchemy\engine\base.py", line 2363, in _handle_dbapi_exception
    raise sqlalchemy_exception.with_traceback(exc_info[2]) from e
  File "C:\Users\karakurom traders\Desktop\Phase-II\backend\venv312\Lib\site-packages\sqlalchemy\engine\base.py", line 1967, in _exec_single_context
    self.dialect.do_execute(
  File "C:\Users\karakurom traders\Desktop\Phase-II\backend\venv312\Lib\site-packages\sqlalchemy\engine\default.py", line 952, in do_execute
    cursor.execute(statement, parameters)
sqlalchemy.exc.ProgrammingError: (psycopg2.errors.UndefinedTable) relation "user" does not exist
LINE 2: FROM "user" 
             ^

[SQL: SELECT "user".id, "user".email, "user".password_hash, "user".created_at 
FROM "user" 
WHERE "user".email = %(email_1)s]
[parameters: {'email_1': 'ramisafatima67@gmail.com'}]
(Background on this error at: https://sqlalche.me/e/20/f405)
2025-12-13 21:56:06,367 - INFO - Attempting signup for email: ramisafatima67@gmail.com
2025-12-13 21:56:06,367 - INFO - BEGIN (implicit)
2025-12-13 21:56:06,367 - INFO - SELECT "user".id, "user".email, "user".password_hash, "user".created_at 
FROM "user" 
WHERE "user".email = %(email_1)s
2025-12-13 21:56:06,367 - INFO - [cached since 790.7s ago] {'email_1': 'ramisafatima67@gmail.com'}
2025-12-13 21:56:07,044 - INFO - ROLLBACK
ERROR:    Exception in ASGI application
Traceback (most recent call last):
  File "C:\Users\karakurom traders\Desktop\Phase-II\backend\venv312\Lib\site-packages\sqlalchemy\engine\base.py", line 1967, in _exec_single_context
    self.dialect.do_execute(
  File "C:\Users\karakurom traders\Desktop\Phase-II\backend\venv312\Lib\site-packages\sqlalchemy\engine\default.py", line 952, in do_execute
    cursor.execute(statement, parameters)
psycopg2.errors.UndefinedTable: relation "user" does not exist
LINE 2: FROM "user" 
             ^


The above exception was the direct cause of the following exception:

Traceback (most recent call last):
  File "C:\Users\karakurom traders\Desktop\Phase-II\backend\venv312\Lib\site-packages\uvicorn\protocols\http\httptools_impl.py", line 409, in run_asgi
    result = await app(  # type: ignore[func-returns-value]
             ^^^^^^^^^^^^^^^^^^^^^^^^^^^^^^^^^^^^^^^^^^^^^^
  File "C:\Users\karakurom traders\Desktop\Phase-II\backend\venv312\Lib\site-packages\uvicorn\middleware\proxy_headers.py", line 60, in __call__
    return await self.app(scope, receive, send)
           ^^^^^^^^^^^^^^^^^^^^^^^^^^^^^^^^^^^^
  File "C:\Users\karakurom traders\Desktop\Phase-II\backend\venv312\Lib\site-packages\fastapi\applications.py", line 1054, in __call__
    await super().__call__(scope, receive, send)
  File "C:\Users\karakurom traders\Desktop\Phase-II\backend\venv312\Lib\site-packages\starlette\applications.py", line 113, in __call__
    await self.middleware_stack(scope, receive, send)
  File "C:\Users\karakurom traders\Desktop\Phase-II\backend\venv312\Lib\site-packages\starlette\middleware\errors.py", line 187, in __call__
    raise exc
  File "C:\Users\karakurom traders\Desktop\Phase-II\backend\venv312\Lib\site-packages\starlette\middleware\errors.py", line 165, in __call__
    await self.app(scope, receive, _send)
  File "C:\Users\karakurom traders\Desktop\Phase-II\backend\venv312\Lib\site-packages\starlette\middleware\cors.py", line 93, in __call__
    await self.simple_response(scope, receive, send, request_headers=headers)
  File "C:\Users\karakurom traders\Desktop\Phase-II\backend\venv312\Lib\site-packages\starlette\middleware\cors.py", line 144, in simple_response
    await self.app(scope, receive, send)
  File "C:\Users\karakurom traders\Desktop\Phase-II\backend\venv312\Lib\site-packages\starlette\middleware\exceptions.py", line 62, in __call__
    await wrap_app_handling_exceptions(self.app, conn)(scope, receive, send)
  File "C:\Users\karakurom traders\Desktop\Phase-II\backend\venv312\Lib\site-packages\starlette\_exception_handler.py", line 53, in wrapped_app
    raise exc
  File "C:\Users\karakurom traders\Desktop\Phase-II\backend\venv312\Lib\site-packages\starlette\_exception_handler.py", line 42, in wrapped_app
    await app(scope, receive, sender)
  File "C:\Users\karakurom traders\Desktop\Phase-II\backend\venv312\Lib\site-packages\starlette\routing.py", line 715, in __call__
    await self.middleware_stack(scope, receive, send)
  File "C:\Users\karakurom traders\Desktop\Phase-II\backend\venv312\Lib\site-packages\starlette\routing.py", line 735, in app
    await route.handle(scope, receive, send)
  File "C:\Users\karakurom traders\Desktop\Phase-II\backend\venv312\Lib\site-packages\starlette\routing.py", line 288, in handle
    await self.app(scope, receive, send)
  File "C:\Users\karakurom traders\Desktop\Phase-II\backend\venv312\Lib\site-packages\starlette\routing.py", line 76, in app
    await wrap_app_handling_exceptions(app, request)(scope, receive, send)
  File "C:\Users\karakurom traders\Desktop\Phase-II\backend\venv312\Lib\site-packages\starlette\_exception_handler.py", line 53, in wrapped_app
    raise exc
  File "C:\Users\karakurom traders\Desktop\Phase-II\backend\venv312\Lib\site-packages\starlette\_exception_handler.py", line 42, in wrapped_app
    await app(scope, receive, sender)
  File "C:\Users\karakurom traders\Desktop\Phase-II\backend\venv312\Lib\site-packages\starlette\routing.py", line 73, in app
    response = await f(request)
               ^^^^^^^^^^^^^^^^
  File "C:\Users\karakurom traders\Desktop\Phase-II\backend\venv312\Lib\site-packages\fastapi\routing.py", line 301, in app
    raw_response = await run_endpoint_function(
                   ^^^^^^^^^^^^^^^^^^^^^^^^^^^^
  File "C:\Users\karakurom traders\Desktop\Phase-II\backend\venv312\Lib\site-packages\fastapi\routing.py", line 212, in run_endpoint_function
    return await dependant.call(**values)
           ^^^^^^^^^^^^^^^^^^^^^^^^^^^^^^
  File "C:\Users\karakurom traders\Desktop\Phase-II\backend\src\api\auth.py", line 47, in signup
    existing_user = session.exec(select(User).where(User.email == user_data.email)).first()
                    ^^^^^^^^^^^^^^^^^^^^^^^^^^^^^^^^^^^^^^^^^^^^^^^^^^^^^^^^^^^^^^^
  File "C:\Users\karakurom traders\Desktop\Phase-II\backend\venv312\Lib\site-packages\sqlmodel\orm\session.py", line 66, in exec
    results = super().execute(
              ^^^^^^^^^^^^^^^^
  File "C:\Users\karakurom traders\Desktop\Phase-II\backend\venv312\Lib\site-packages\sqlalchemy\orm\session.py", line 2351, in execute
    return self._execute_internal(
           ^^^^^^^^^^^^^^^^^^^^^^^
  File "C:\Users\karakurom traders\Desktop\Phase-II\backend\venv312\Lib\site-packages\sqlalchemy\orm\session.py", line 2249, in _execute_internal
    result: Result[Any] = compile_state_cls.orm_execute_statement(
                          ^^^^^^^^^^^^^^^^^^^^^^^^^^^^^^^^^^^^^^^^
  File "C:\Users\karakurom traders\Desktop\Phase-II\backend\venv312\Lib\site-packages\sqlalchemy\orm\context.py", line 306, in orm_execute_statement
    result = conn.execute(
             ^^^^^^^^^^^^^
  File "C:\Users\karakurom traders\Desktop\Phase-II\backend\venv312\Lib\site-packages\sqlalchemy\engine\base.py", line 1419, in execute
    return meth(
           ^^^^^
  File "C:\Users\karakurom traders\Desktop\Phase-II\backend\venv312\Lib\site-packages\sqlalchemy\sql\elements.py", line 527, in _execute_on_connection
    return connection._execute_clauseelement(
           ^^^^^^^^^^^^^^^^^^^^^^^^^^^^^^^^^^
  File "C:\Users\karakurom traders\Desktop\Phase-II\backend\venv312\Lib\site-packages\sqlalchemy\engine\base.py", line 1641, in _execute_clauseelement
    ret = self._execute_context(
          ^^^^^^^^^^^^^^^^^^^^^^
  File "C:\Users\karakurom traders\Desktop\Phase-II\backend\venv312\Lib\site-packages\sqlalchemy\engine\base.py", line 1846, in _execute_context
    return self._exec_single_context(
           ^^^^^^^^^^^^^^^^^^^^^^^^^^
  File "C:\Users\karakurom traders\Desktop\Phase-II\backend\venv312\Lib\site-packages\sqlalchemy\engine\base.py", line 1986, in _exec_single_context
    self._handle_dbapi_exception(
  File "C:\Users\karakurom traders\Desktop\Phase-II\backend\venv312\Lib\site-packages\sqlalchemy\engine\base.py", line 2363, in _handle_dbapi_exception
    raise sqlalchemy_exception.with_traceback(exc_info[2]) from e
  File "C:\Users\karakurom traders\Desktop\Phase-II\backend\venv312\Lib\site-packages\sqlalchemy\engine\base.py", line 1967, in _exec_single_context
    self.dialect.do_execute(
  File "C:\Users\karakurom traders\Desktop\Phase-II\backend\venv312\Lib\site-packages\sqlalchemy\engine\default.py", line 952, in do_execute
    cursor.execute(statement, parameters)
sqlalchemy.exc.ProgrammingError: (psycopg2.errors.UndefinedTable) relation "user" does not exist
LINE 2: FROM "user" 
             ^

[SQL: SELECT "user".id, "user".email, "user".password_hash, "user".created_at 
FROM "user" 
WHERE "user".email = %(email_1)s]
[parameters: {'email_1': 'ramisafatima67@gmail.com'}]
(Background on this error at: https://sqlalche.me/e/20/f405)
2025-12-13 22:34:34,134 - INFO - Attempting signup for email: ramisafatima67@gmail.com
2025-12-13 22:34:34,138 - INFO - BEGIN (implicit)
2025-12-13 22:34:34,139 - INFO - SELECT "user".id, "user".email, "user".password_hash, "user".created_at 
FROM "user" 
WHERE "user".email = %(email_1)s
2025-12-13 22:34:34,141 - INFO - [cached since 3098s ago] {'email_1': 'ramisafatima67@gmail.com'}
ERROR:    Exception in ASGI application
Traceback (most recent call last):
  File "C:\Users\karakurom traders\Desktop\Phase-II\backend\venv312\Lib\site-packages\sqlalchemy\engine\base.py", line 1967, in _exec_single_context
    self.dialect.do_execute(
  File "C:\Users\karakurom traders\Desktop\Phase-II\backend\venv312\Lib\site-packages\sqlalchemy\engine\default.py", line 952, in do_execute
    cursor.execute(statement, parameters)
psycopg2.OperationalError: SSL connection has been closed unexpectedly


The above exception was the direct cause of the following exception:

Traceback (most recent call last):
  File "C:\Users\karakurom traders\Desktop\Phase-II\backend\venv312\Lib\site-packages\uvicorn\protocols\http\httptools_impl.py", line 409, in run_asgi
    result = await app(  # type: ignore[func-returns-value]
             ^^^^^^^^^^^^^^^^^^^^^^^^^^^^^^^^^^^^^^^^^^^^^^
  File "C:\Users\karakurom traders\Desktop\Phase-II\backend\venv312\Lib\site-packages\uvicorn\middleware\proxy_headers.py", line 60, in __call__
    return await self.app(scope, receive, send)
           ^^^^^^^^^^^^^^^^^^^^^^^^^^^^^^^^^^^^
  File "C:\Users\karakurom traders\Desktop\Phase-II\backend\venv312\Lib\site-packages\fastapi\applications.py", line 1054, in __call__
    await super().__call__(scope, receive, send)
  File "C:\Users\karakurom traders\Desktop\Phase-II\backend\venv312\Lib\site-packages\starlette\applications.py", line 113, in __call__
    await self.middleware_stack(scope, receive, send)
  File "C:\Users\karakurom traders\Desktop\Phase-II\backend\venv312\Lib\site-packages\starlette\middleware\errors.py", line 187, in __call__
    raise exc
  File "C:\Users\karakurom traders\Desktop\Phase-II\backend\venv312\Lib\site-packages\starlette\middleware\errors.py", line 165, in __call__
    await self.app(scope, receive, _send)
  File "C:\Users\karakurom traders\Desktop\Phase-II\backend\venv312\Lib\site-packages\starlette\middleware\cors.py", line 93, in __call__
    await self.simple_response(scope, receive, send, request_headers=headers)
  File "C:\Users\karakurom traders\Desktop\Phase-II\backend\venv312\Lib\site-packages\starlette\middleware\cors.py", line 144, in simple_response
    await self.app(scope, receive, send)
  File "C:\Users\karakurom traders\Desktop\Phase-II\backend\venv312\Lib\site-packages\starlette\middleware\exceptions.py", line 62, in __call__
    await wrap_app_handling_exceptions(self.app, conn)(scope, receive, send)
  File "C:\Users\karakurom traders\Desktop\Phase-II\backend\venv312\Lib\site-packages\starlette\_exception_handler.py", line 53, in wrapped_app
    raise exc
  File "C:\Users\karakurom traders\Desktop\Phase-II\backend\venv312\Lib\site-packages\starlette\_exception_handler.py", line 42, in wrapped_app
    await app(scope, receive, sender)
  File "C:\Users\karakurom traders\Desktop\Phase-II\backend\venv312\Lib\site-packages\starlette\routing.py", line 715, in __call__
    await self.middleware_stack(scope, receive, send)
  File "C:\Users\karakurom traders\Desktop\Phase-II\backend\venv312\Lib\site-packages\starlette\routing.py", line 735, in app
    await route.handle(scope, receive, send)
  File "C:\Users\karakurom traders\Desktop\Phase-II\backend\venv312\Lib\site-packages\starlette\routing.py", line 288, in handle
    await self.app(scope, receive, send)
  File "C:\Users\karakurom traders\Desktop\Phase-II\backend\venv312\Lib\site-packages\starlette\routing.py", line 76, in app
    await wrap_app_handling_exceptions(app, request)(scope, receive, send)
  File "C:\Users\karakurom traders\Desktop\Phase-II\backend\venv312\Lib\site-packages\starlette\_exception_handler.py", line 53, in wrapped_app
    raise exc
  File "C:\Users\karakurom traders\Desktop\Phase-II\backend\venv312\Lib\site-packages\starlette\_exception_handler.py", line 42, in wrapped_app
    await app(scope, receive, sender)
  File "C:\Users\karakurom traders\Desktop\Phase-II\backend\venv312\Lib\site-packages\starlette\routing.py", line 73, in app
    response = await f(request)
               ^^^^^^^^^^^^^^^^
  File "C:\Users\karakurom traders\Desktop\Phase-II\backend\venv312\Lib\site-packages\fastapi\routing.py", line 301, in app
    raw_response = await run_endpoint_function(
                   ^^^^^^^^^^^^^^^^^^^^^^^^^^^^
  File "C:\Users\karakurom traders\Desktop\Phase-II\backend\venv312\Lib\site-packages\fastapi\routing.py", line 212, in run_endpoint_function
    return await dependant.call(**values)
           ^^^^^^^^^^^^^^^^^^^^^^^^^^^^^^
  File "C:\Users\karakurom traders\Desktop\Phase-II\backend\src\api\auth.py", line 47, in signup
    existing_user = session.exec(select(User).where(User.email == user_data.email)).first()
                    ^^^^^^^^^^^^^^^^^^^^^^^^^^^^^^^^^^^^^^^^^^^^^^^^^^^^^^^^^^^^^^^
  File "C:\Users\karakurom traders\Desktop\Phase-II\backend\venv312\Lib\site-packages\sqlmodel\orm\session.py", line 66, in exec
    results = super().execute(
              ^^^^^^^^^^^^^^^^
  File "C:\Users\karakurom traders\Desktop\Phase-II\backend\venv312\Lib\site-packages\sqlalchemy\orm\session.py", line 2351, in execute
    return self._execute_internal(
           ^^^^^^^^^^^^^^^^^^^^^^^
  File "C:\Users\karakurom traders\Desktop\Phase-II\backend\venv312\Lib\site-packages\sqlalchemy\orm\session.py", line 2249, in _execute_internal
    result: Result[Any] = compile_state_cls.orm_execute_statement(
                          ^^^^^^^^^^^^^^^^^^^^^^^^^^^^^^^^^^^^^^^^
  File "C:\Users\karakurom traders\Desktop\Phase-II\backend\venv312\Lib\site-packages\sqlalchemy\orm\context.py", line 306, in orm_execute_statement
    result = conn.execute(
             ^^^^^^^^^^^^^
  File "C:\Users\karakurom traders\Desktop\Phase-II\backend\venv312\Lib\site-packages\sqlalchemy\engine\base.py", line 1419, in execute
    return meth(
           ^^^^^
  File "C:\Users\karakurom traders\Desktop\Phase-II\backend\venv312\Lib\site-packages\sqlalchemy\sql\elements.py", line 527, in _execute_on_connection
    return connection._execute_clauseelement(
           ^^^^^^^^^^^^^^^^^^^^^^^^^^^^^^^^^^
  File "C:\Users\karakurom traders\Desktop\Phase-II\backend\venv312\Lib\site-packages\sqlalchemy\engine\base.py", line 1641, in _execute_clauseelement
    ret = self._execute_context(
          ^^^^^^^^^^^^^^^^^^^^^^
  File "C:\Users\karakurom traders\Desktop\Phase-II\backend\venv312\Lib\site-packages\sqlalchemy\engine\base.py", line 1846, in _execute_context
    return self._exec_single_context(
           ^^^^^^^^^^^^^^^^^^^^^^^^^^
  File "C:\Users\karakurom traders\Desktop\Phase-II\backend\venv312\Lib\site-packages\sqlalchemy\engine\base.py", line 1986, in _exec_single_context
    self._handle_dbapi_exception(
  File "C:\Users\karakurom traders\Desktop\Phase-II\backend\venv312\Lib\site-packages\sqlalchemy\engine\base.py", line 2363, in _handle_dbapi_exception
    raise sqlalchemy_exception.with_traceback(exc_info[2]) from e
  File "C:\Users\karakurom traders\Desktop\Phase-II\backend\venv312\Lib\site-packages\sqlalchemy\engine\base.py", line 1967, in _exec_single_context
    self.dialect.do_execute(
  File "C:\Users\karakurom traders\Desktop\Phase-II\backend\venv312\Lib\site-packages\sqlalchemy\engine\default.py", line 952, in do_execute
    cursor.execute(statement, parameters)
sqlalchemy.exc.OperationalError: (psycopg2.OperationalError) SSL connection has been closed unexpectedly

[SQL: SELECT "user".id, "user".email, "user".password_hash, "user".created_at 
FROM "user" 
WHERE "user".email = %(email_1)s]
[parameters: {'email_1': 'ramisafatima67@gmail.com'}]
(Background on this error at: https://sqlalche.me/e/20/e3q8)
2025-12-13 22:34:35,238 - INFO - Attempting signup for email: ramisafatima67@gmail.com
2025-12-13 22:34:37,001 - INFO - BEGIN (implicit)
2025-12-13 22:34:37,001 - INFO - SELECT "user".id, "user".email, "user".password_hash, "user".created_at 
FROM "user" 
WHERE "user".email = %(email_1)s
2025-12-13 22:34:37,001 - INFO - [cached since 3101s ago] {'email_1': 'ramisafatima67@gmail.com'}
2025-12-13 22:34:37,806 - INFO - INSERT INTO "user" (email, password_hash, created_at) VALUES (%(email)s, %(password_hash)s, %(created_at)s) RETURNING "user".id
2025-12-13 22:34:37,807 - INFO - [generated in 0.00052s] {'email': 'ramisafatima67@gmail.com', 'password_hash': '$2b$12$DON1lvZCC9GFEBHlPp8RX.BI7VfLcMK0gUmumFGDcdRMr4e8zgWE6', 'created_at': datetime.datetime(2025, 12, 13, 17, 34, 37, 801675, tzinfo=datetime.timezone.utc)}
2025-12-13 22:34:38,021 - INFO - COMMIT
2025-12-13 22:34:38,218 - ERROR - Unexpected error during signup for ramisafatima67@gmail.com: object NoneType can't be used in 'await' expression
2025-12-13 23:26:41,414 - INFO - Attempting signup for email: ramisafatima67@gmail.com
2025-12-13 23:26:41,416 - INFO - BEGIN (implicit)
2025-12-13 23:26:41,417 - INFO - SELECT "user".id, "user".email, "user".password_hash, "user".created_at 
FROM "user" 
WHERE "user".email = %(email_1)s
2025-12-13 23:26:41,417 - INFO - [cached since 6226s ago] {'email_1': 'ramisafatima67@gmail.com'}
ERROR:    Exception in ASGI application
Traceback (most recent call last):
  File "C:\Users\karakurom traders\Desktop\Phase-II\backend\venv312\Lib\site-packages\sqlalchemy\engine\base.py", line 1967, in _exec_single_context
    self.dialect.do_execute(
  File "C:\Users\karakurom traders\Desktop\Phase-II\backend\venv312\Lib\site-packages\sqlalchemy\engine\default.py", line 952, in do_execute
    cursor.execute(statement, parameters)
psycopg2.OperationalError: could not receive data from server: Software caused connection abort (0x00002745/10053)
SSL SYSCALL error: Software caused connection abort (0x00002745/10053)


The above exception was the direct cause of the following exception:

Traceback (most recent call last):
  File "C:\Users\karakurom traders\Desktop\Phase-II\backend\venv312\Lib\site-packages\uvicorn\protocols\http\httptools_impl.py", line 409, in run_asgi
    result = await app(  # type: ignore[func-returns-value]
             ^^^^^^^^^^^^^^^^^^^^^^^^^^^^^^^^^^^^^^^^^^^^^^
  File "C:\Users\karakurom traders\Desktop\Phase-II\backend\venv312\Lib\site-packages\uvicorn\middleware\proxy_headers.py", line 60, in __call__
    return await self.app(scope, receive, send)
           ^^^^^^^^^^^^^^^^^^^^^^^^^^^^^^^^^^^^
  File "C:\Users\karakurom traders\Desktop\Phase-II\backend\venv312\Lib\site-packages\fastapi\applications.py", line 1054, in __call__
    await super().__call__(scope, receive, send)
  File "C:\Users\karakurom traders\Desktop\Phase-II\backend\venv312\Lib\site-packages\starlette\applications.py", line 113, in __call__
    await self.middleware_stack(scope, receive, send)
  File "C:\Users\karakurom traders\Desktop\Phase-II\backend\venv312\Lib\site-packages\starlette\middleware\errors.py", line 187, in __call__
    raise exc
  File "C:\Users\karakurom traders\Desktop\Phase-II\backend\venv312\Lib\site-packages\starlette\middleware\errors.py", line 165, in __call__
    await self.app(scope, receive, _send)
  File "C:\Users\karakurom traders\Desktop\Phase-II\backend\venv312\Lib\site-packages\starlette\middleware\cors.py", line 93, in __call__
    await self.simple_response(scope, receive, send, request_headers=headers)
  File "C:\Users\karakurom traders\Desktop\Phase-II\backend\venv312\Lib\site-packages\starlette\middleware\cors.py", line 144, in simple_response
    await self.app(scope, receive, send)
  File "C:\Users\karakurom traders\Desktop\Phase-II\backend\venv312\Lib\site-packages\starlette\middleware\exceptions.py", line 62, in __call__
    await wrap_app_handling_exceptions(self.app, conn)(scope, receive, send)
  File "C:\Users\karakurom traders\Desktop\Phase-II\backend\venv312\Lib\site-packages\starlette\_exception_handler.py", line 53, in wrapped_app
    raise exc
  File "C:\Users\karakurom traders\Desktop\Phase-II\backend\venv312\Lib\site-packages\starlette\_exception_handler.py", line 42, in wrapped_app
    await app(scope, receive, sender)
  File "C:\Users\karakurom traders\Desktop\Phase-II\backend\venv312\Lib\site-packages\starlette\routing.py", line 715, in __call__
    await self.middleware_stack(scope, receive, send)
  File "C:\Users\karakurom traders\Desktop\Phase-II\backend\venv312\Lib\site-packages\starlette\routing.py", line 735, in app
    await route.handle(scope, receive, send)
  File "C:\Users\karakurom traders\Desktop\Phase-II\backend\venv312\Lib\site-packages\starlette\routing.py", line 288, in handle
    await self.app(scope, receive, send)
  File "C:\Users\karakurom traders\Desktop\Phase-II\backend\venv312\Lib\site-packages\starlette\routing.py", line 76, in app
    await wrap_app_handling_exceptions(app, request)(scope, receive, send)
  File "C:\Users\karakurom traders\Desktop\Phase-II\backend\venv312\Lib\site-packages\starlette\_exception_handler.py", line 53, in wrapped_app
    raise exc
  File "C:\Users\karakurom traders\Desktop\Phase-II\backend\venv312\Lib\site-packages\starlette\_exception_handler.py", line 42, in wrapped_app
    await app(scope, receive, sender)
  File "C:\Users\karakurom traders\Desktop\Phase-II\backend\venv312\Lib\site-packages\starlette\routing.py", line 73, in app
    response = await f(request)
               ^^^^^^^^^^^^^^^^
  File "C:\Users\karakurom traders\Desktop\Phase-II\backend\venv312\Lib\site-packages\fastapi\routing.py", line 301, in app
    raw_response = await run_endpoint_function(
                   ^^^^^^^^^^^^^^^^^^^^^^^^^^^^
  File "C:\Users\karakurom traders\Desktop\Phase-II\backend\venv312\Lib\site-packages\fastapi\routing.py", line 212, in run_endpoint_function
    return await dependant.call(**values)
           ^^^^^^^^^^^^^^^^^^^^^^^^^^^^^^
  File "C:\Users\karakurom traders\Desktop\Phase-II\backend\src\api\auth.py", line 47, in signup
    existing_user = session.exec(select(User).where(User.email == user_data.email)).first()
                    ^^^^^^^^^^^^^^^^^^^^^^^^^^^^^^^^^^^^^^^^^^^^^^^^^^^^^^^^^^^^^^^
  File "C:\Users\karakurom traders\Desktop\Phase-II\backend\venv312\Lib\site-packages\sqlmodel\orm\session.py", line 66, in exec
    results = super().execute(
              ^^^^^^^^^^^^^^^^
  File "C:\Users\karakurom traders\Desktop\Phase-II\backend\venv312\Lib\site-packages\sqlalchemy\orm\session.py", line 2351, in execute
    return self._execute_internal(
           ^^^^^^^^^^^^^^^^^^^^^^^
  File "C:\Users\karakurom traders\Desktop\Phase-II\backend\venv312\Lib\site-packages\sqlalchemy\orm\session.py", line 2249, in _execute_internal
    result: Result[Any] = compile_state_cls.orm_execute_statement(
                          ^^^^^^^^^^^^^^^^^^^^^^^^^^^^^^^^^^^^^^^^
  File "C:\Users\karakurom traders\Desktop\Phase-II\backend\venv312\Lib\site-packages\sqlalchemy\orm\context.py", line 306, in orm_execute_statement
    result = conn.execute(
             ^^^^^^^^^^^^^
  File "C:\Users\karakurom traders\Desktop\Phase-II\backend\venv312\Lib\site-packages\sqlalchemy\engine\base.py", line 1419, in execute
    return meth(
           ^^^^^
  File "C:\Users\karakurom traders\Desktop\Phase-II\backend\venv312\Lib\site-packages\sqlalchemy\sql\elements.py", line 527, in _execute_on_connection
    return connection._execute_clauseelement(
           ^^^^^^^^^^^^^^^^^^^^^^^^^^^^^^^^^^
  File "C:\Users\karakurom traders\Desktop\Phase-II\backend\venv312\Lib\site-packages\sqlalchemy\engine\base.py", line 1641, in _execute_clauseelement
    ret = self._execute_context(
          ^^^^^^^^^^^^^^^^^^^^^^
  File "C:\Users\karakurom traders\Desktop\Phase-II\backend\venv312\Lib\site-packages\sqlalchemy\engine\base.py", line 1846, in _execute_context
    return self._exec_single_context(
           ^^^^^^^^^^^^^^^^^^^^^^^^^^
  File "C:\Users\karakurom traders\Desktop\Phase-II\backend\venv312\Lib\site-packages\sqlalchemy\engine\base.py", line 1986, in _exec_single_context
    self._handle_dbapi_exception(
  File "C:\Users\karakurom traders\Desktop\Phase-II\backend\venv312\Lib\site-packages\sqlalchemy\engine\base.py", line 2363, in _handle_dbapi_exception
    raise sqlalchemy_exception.with_traceback(exc_info[2]) from e
  File "C:\Users\karakurom traders\Desktop\Phase-II\backend\venv312\Lib\site-packages\sqlalchemy\engine\base.py", line 1967, in _exec_single_context
    self.dialect.do_execute(
  File "C:\Users\karakurom traders\Desktop\Phase-II\backend\venv312\Lib\site-packages\sqlalchemy\engine\default.py", line 952, in do_execute
    cursor.execute(statement, parameters)
sqlalchemy.exc.OperationalError: (psycopg2.OperationalError) could not receive data from server: Software caused connection abort (0x00002745/10053)
SSL SYSCALL error: Software caused connection abort (0x00002745/10053)

[SQL: SELECT "user".id, "user".email, "user".password_hash, "user".created_at 
FROM "user" 
WHERE "user".email = %(email_1)s]
[parameters: {'email_1': 'ramisafatima67@gmail.com'}]
(Background on this error at: https://sqlalche.me/e/20/e3q8)
2025-12-13 23:26:49,784 - INFO - Attempting signup for email: ramisafatima67@gmail.com
2025-12-13 23:26:51,980 - INFO - BEGIN (implicit)
2025-12-13 23:26:51,980 - INFO - SELECT "user".id, "user".email, "user".password_hash, "user".created_at 
FROM "user" 
WHERE "user".email = %(email_1)s
2025-12-13 23:26:51,981 - INFO - [cached since 6236s ago] {'email_1': 'ramisafatima67@gmail.com'}
2025-12-13 23:26:52,505 - INFO - ROLLBACK
